{"/home/travis/build/npmtest/node-npmtest-dominos/test.js":{"path":"/home/travis/build/npmtest/node-npmtest-dominos/test.js","s":{"1":2,"2":2,"3":2,"4":2,"5":2,"6":2,"7":2,"8":1,"9":2,"10":2,"11":1,"12":1,"13":1,"14":1,"15":2,"16":2,"17":2,"18":2,"19":1,"20":1,"21":2,"22":2,"23":2,"24":1,"25":1,"26":1,"27":1,"28":1,"29":1,"30":1,"31":1,"32":1,"33":1,"34":1,"35":1,"36":1,"37":1,"38":1,"39":2,"40":2,"41":1,"42":2,"43":2,"44":1,"45":2,"46":2,"47":1,"48":2,"49":2,"50":1,"51":1,"52":1,"53":1,"54":1},"b":{"1":[2,1,1,1],"2":[1,1,1,1],"3":[1,1],"4":[1,1],"5":[1,1],"6":[1,1],"7":[1,1],"8":[1,1],"9":[1,1],"10":[1,1,1],"11":[1,1],"12":[1,1],"13":[1,1],"14":[1,1],"15":[1,1],"16":[1,1],"17":[1,1]},"f":{"1":2,"2":2,"3":2,"4":2,"5":2,"6":1,"7":1,"8":1,"9":2,"10":2,"11":2,"12":2,"13":1},"fnMap":{"1":{"name":"(anonymous_1)","line":12,"loc":{"start":{"line":12,"column":1},"end":{"line":12,"column":13}}},"2":{"name":"(anonymous_2)","line":19,"loc":{"start":{"line":19,"column":5},"end":{"line":19,"column":17}}},"3":{"name":"(anonymous_3)","line":23,"loc":{"start":{"line":23,"column":24},"end":{"line":23,"column":36}}},"4":{"name":"(anonymous_4)","line":61,"loc":{"start":{"line":61,"column":5},"end":{"line":61,"column":17}}},"5":{"name":"(anonymous_5)","line":82,"loc":{"start":{"line":82,"column":5},"end":{"line":82,"column":17}}},"6":{"name":"(anonymous_6)","line":91,"loc":{"start":{"line":91,"column":77},"end":{"line":94,"column":10}}},"7":{"name":"(anonymous_7)","line":112,"loc":{"start":{"line":112,"column":83},"end":{"line":115,"column":10}},"skip":true},"8":{"name":"(anonymous_8)","line":123,"loc":{"start":{"line":123,"column":77},"end":{"line":126,"column":10}},"skip":true},"9":{"name":"(anonymous_9)","line":139,"loc":{"start":{"line":139,"column":12},"end":{"line":139,"column":40}},"skip":true},"10":{"name":"(anonymous_10)","line":147,"loc":{"start":{"line":147,"column":77},"end":{"line":150,"column":10}},"skip":true},"11":{"name":"(anonymous_11)","line":158,"loc":{"start":{"line":158,"column":83},"end":{"line":161,"column":10}},"skip":true},"12":{"name":"(anonymous_12)","line":169,"loc":{"start":{"line":169,"column":79},"end":{"line":172,"column":10}},"skip":true},"13":{"name":"(anonymous_13)","line":180,"loc":{"start":{"line":180,"column":75},"end":{"line":183,"column":10}},"skip":true}},"statementMap":{"1":{"start":{"line":12,"column":0},"end":{"line":195,"column":5}},"2":{"start":{"line":14,"column":4},"end":{"line":14,"column":14}},"3":{"start":{"line":19,"column":4},"end":{"line":56,"column":9}},"4":{"start":{"line":21,"column":8},"end":{"line":21,"column":19}},"5":{"start":{"line":23,"column":8},"end":{"line":35,"column":13}},"6":{"start":{"line":24,"column":12},"end":{"line":34,"column":13}},"7":{"start":{"line":25,"column":16},"end":{"line":28,"column":30}},"8":{"start":{"line":30,"column":16},"end":{"line":33,"column":27}},"9":{"start":{"line":37,"column":8},"end":{"line":39,"column":21}},"10":{"start":{"line":40,"column":8},"end":{"line":53,"column":9}},"11":{"start":{"line":43,"column":12},"end":{"line":46,"column":14}},"12":{"start":{"line":47,"column":12},"end":{"line":47,"column":18}},"13":{"start":{"line":50,"column":12},"end":{"line":51,"column":33}},"14":{"start":{"line":52,"column":12},"end":{"line":52,"column":18}},"15":{"start":{"line":55,"column":8},"end":{"line":55,"column":35}},"16":{"start":{"line":61,"column":4},"end":{"line":63,"column":9}},"17":{"start":{"line":62,"column":8},"end":{"line":62,"column":15}},"18":{"start":{"line":64,"column":4},"end":{"line":77,"column":5}},"19":{"start":{"line":70,"column":8},"end":{"line":70,"column":14}},"20":{"start":{"line":76,"column":8},"end":{"line":76,"column":14}},"21":{"start":{"line":82,"column":4},"end":{"line":84,"column":9}},"22":{"start":{"line":83,"column":8},"end":{"line":83,"column":15}},"23":{"start":{"line":85,"column":4},"end":{"line":194,"column":5}},"24":{"start":{"line":91,"column":8},"end":{"line":99,"column":10}},"25":{"start":{"line":98,"column":12},"end":{"line":98,"column":35}},"26":{"start":{"line":102,"column":8},"end":{"line":104,"column":63}},"27":{"start":{"line":105,"column":8},"end":{"line":105,"column":14}},"28":{"start":{"line":112,"column":8},"end":{"line":121,"column":10},"skip":true},"29":{"start":{"line":119,"column":12},"end":{"line":119,"column":55},"skip":true},"30":{"start":{"line":120,"column":12},"end":{"line":120,"column":48},"skip":true},"31":{"start":{"line":123,"column":8},"end":{"line":136,"column":10},"skip":true},"32":{"start":{"line":130,"column":12},"end":{"line":130,"column":76},"skip":true},"33":{"start":{"line":131,"column":12},"end":{"line":131,"column":73},"skip":true},"34":{"start":{"line":132,"column":12},"end":{"line":132,"column":74},"skip":true},"35":{"start":{"line":133,"column":12},"end":{"line":133,"column":79},"skip":true},"36":{"start":{"line":134,"column":12},"end":{"line":134,"column":25},"skip":true},"37":{"start":{"line":135,"column":12},"end":{"line":135,"column":45},"skip":true},"38":{"start":{"line":138,"column":8},"end":{"line":145,"column":14},"skip":true},"39":{"start":{"line":143,"column":16},"end":{"line":143,"column":29},"skip":true},"40":{"start":{"line":144,"column":16},"end":{"line":144,"column":55},"skip":true},"41":{"start":{"line":147,"column":8},"end":{"line":156,"column":10},"skip":true},"42":{"start":{"line":154,"column":12},"end":{"line":154,"column":25},"skip":true},"43":{"start":{"line":155,"column":12},"end":{"line":155,"column":45},"skip":true},"44":{"start":{"line":158,"column":8},"end":{"line":167,"column":10},"skip":true},"45":{"start":{"line":165,"column":12},"end":{"line":165,"column":25},"skip":true},"46":{"start":{"line":166,"column":12},"end":{"line":166,"column":48},"skip":true},"47":{"start":{"line":169,"column":8},"end":{"line":178,"column":10},"skip":true},"48":{"start":{"line":176,"column":12},"end":{"line":176,"column":25},"skip":true},"49":{"start":{"line":177,"column":12},"end":{"line":177,"column":46},"skip":true},"50":{"start":{"line":180,"column":8},"end":{"line":189,"column":10},"skip":true},"51":{"start":{"line":187,"column":12},"end":{"line":187,"column":94},"skip":true},"52":{"start":{"line":188,"column":12},"end":{"line":188,"column":48},"skip":true},"53":{"start":{"line":192,"column":8},"end":{"line":192,"column":35},"skip":true},"54":{"start":{"line":193,"column":8},"end":{"line":193,"column":14},"skip":true}},"branchMap":{"1":{"line":25,"type":"binary-expr","locations":[{"start":{"line":25,"column":23},"end":{"line":25,"column":62}},{"start":{"line":26,"column":20},"end":{"line":26,"column":70}},{"start":{"line":27,"column":20},"end":{"line":27,"column":71}},{"start":{"line":28,"column":20},"end":{"line":28,"column":29}}]},"2":{"line":30,"type":"binary-expr","locations":[{"start":{"line":30,"column":23},"end":{"line":30,"column":37}},{"start":{"line":31,"column":20},"end":{"line":31,"column":61}},{"start":{"line":32,"column":20},"end":{"line":32,"column":70}},{"start":{"line":33,"column":20},"end":{"line":33,"column":26}}]},"3":{"line":37,"type":"cond-expr","locations":[{"start":{"line":38,"column":14},"end":{"line":38,"column":20}},{"start":{"line":39,"column":14},"end":{"line":39,"column":20}}]},"4":{"line":40,"type":"switch","locations":[{"start":{"line":42,"column":8},"end":{"line":47,"column":18}},{"start":{"line":49,"column":8},"end":{"line":52,"column":18}}]},"5":{"line":44,"type":"binary-expr","locations":[{"start":{"line":44,"column":16},"end":{"line":44,"column":44}},{"start":{"line":44,"column":48},"end":{"line":44,"column":66}}]},"6":{"line":50,"type":"binary-expr","locations":[{"start":{"line":50,"column":21},"end":{"line":50,"column":49}},{"start":{"line":50,"column":53},"end":{"line":50,"column":72}}]},"7":{"line":64,"type":"switch","locations":[{"start":{"line":69,"column":4},"end":{"line":70,"column":14}},{"start":{"line":75,"column":4},"end":{"line":76,"column":14}}]},"8":{"line":85,"type":"switch","locations":[{"start":{"line":90,"column":4},"end":{"line":105,"column":14}},{"start":{"line":111,"column":4},"end":{"line":193,"column":14},"skip":true}]},"9":{"line":91,"type":"binary-expr","locations":[{"start":{"line":91,"column":42},"end":{"line":91,"column":73}},{"start":{"line":91,"column":77},"end":{"line":99,"column":9}}]},"10":{"line":102,"type":"binary-expr","locations":[{"start":{"line":102,"column":18},"end":{"line":102,"column":32}},{"start":{"line":103,"column":12},"end":{"line":103,"column":53}},{"start":{"line":104,"column":12},"end":{"line":104,"column":61}}]},"11":{"line":112,"type":"binary-expr","locations":[{"start":{"line":112,"column":45},"end":{"line":112,"column":79},"skip":true},{"start":{"line":112,"column":83},"end":{"line":121,"column":9},"skip":true}]},"12":{"line":123,"type":"binary-expr","locations":[{"start":{"line":123,"column":42},"end":{"line":123,"column":73},"skip":true},{"start":{"line":123,"column":77},"end":{"line":136,"column":9},"skip":true}]},"13":{"line":138,"type":"binary-expr","locations":[{"start":{"line":138,"column":48},"end":{"line":138,"column":85},"skip":true},{"start":{"line":139,"column":12},"end":{"line":145,"column":13},"skip":true}]},"14":{"line":147,"type":"binary-expr","locations":[{"start":{"line":147,"column":42},"end":{"line":147,"column":73},"skip":true},{"start":{"line":147,"column":77},"end":{"line":156,"column":9},"skip":true}]},"15":{"line":158,"type":"binary-expr","locations":[{"start":{"line":158,"column":45},"end":{"line":158,"column":79},"skip":true},{"start":{"line":158,"column":83},"end":{"line":167,"column":9},"skip":true}]},"16":{"line":169,"type":"binary-expr","locations":[{"start":{"line":169,"column":43},"end":{"line":169,"column":75},"skip":true},{"start":{"line":169,"column":79},"end":{"line":178,"column":9},"skip":true}]},"17":{"line":180,"type":"binary-expr","locations":[{"start":{"line":180,"column":41},"end":{"line":180,"column":71},"skip":true},{"start":{"line":180,"column":75},"end":{"line":189,"column":9},"skip":true}]}},"code":["/* istanbul instrument in package npmtest_dominos */","/*jslint","    bitwise: true,","    browser: true,","    maxerr: 8,","    maxlen: 96,","    node: true,","    nomen: true,","    regexp: true,","    stupid: true","*/","(function () {","    'use strict';","    var local;","","","","    // run shared js-env code - pre-init","    (function () {","        // init local","        local = {};","        // init modeJs","        local.modeJs = (function () {","            try {","                return typeof navigator.userAgent === 'string' &&","                    typeof document.querySelector('body') === 'object' &&","                    typeof XMLHttpRequest.prototype.open === 'function' &&","                    'browser';","            } catch (errorCaughtBrowser) {","                return module.exports &&","                    typeof process.versions.node === 'string' &&","                    typeof require('http').createServer === 'function' &&","                    'node';","            }","        }());","        // init global","        local.global = local.modeJs === 'browser'","            ? window","            : global;","        switch (local.modeJs) {","        // re-init local from window.local","        case 'browser':","            local = local.global.utility2.objectSetDefault(","                local.global.utility2_rollup || local.global.local,","                local.global.utility2","            );","            break;","        // re-init local from example.js","        case 'node':","            local = (local.global.utility2_rollup || require('utility2'))","                .requireReadme();","            break;","        }","        // export local","        local.global.local = local;","    }());","","","","    // run shared js-env code - function","    (function () {","        return;","    }());","    switch (local.modeJs) {","","","","    // run browser js-env code - function","    case 'browser':","        break;","","","","    // run node js-env code - function","    case 'node':","        break;","    }","","","","    // run shared js-env code - post-init","    (function () {","        return;","    }());","    switch (local.modeJs) {","","","","    // run browser js-env code - post-init","    case 'browser':","        local.testCase_browser_nullCase = local.testCase_browser_nullCase || function (","            options,","            onError","        ) {","        /*","         * this function will test browsers's null-case handling-behavior-behavior","         */","            onError(null, options);","        };","","        // run tests","        local.nop(local.modeTest &&","            document.querySelector('#testRunButton1') &&","            document.querySelector('#testRunButton1').click());","        break;","","","","    // run node js-env code - post-init","    /* istanbul ignore next */","    case 'node':","        local.testCase_buildApidoc_default = local.testCase_buildApidoc_default || function (","            options,","            onError","        ) {","        /*","         * this function will test buildApidoc's default handling-behavior-behavior","         */","            options = { modulePathList: module.paths };","            local.buildApidoc(options, onError);","        };","","        local.testCase_buildApp_default = local.testCase_buildApp_default || function (","            options,","            onError","        ) {","        /*","         * this function will test buildApp's default handling-behavior-behavior","         */","            local.testCase_buildReadme_default(options, local.onErrorThrow);","            local.testCase_buildLib_default(options, local.onErrorThrow);","            local.testCase_buildTest_default(options, local.onErrorThrow);","            local.testCase_buildCustomOrg_default(options, local.onErrorThrow);","            options = [];","            local.buildApp(options, onError);","        };","","        local.testCase_buildCustomOrg_default = local.testCase_buildCustomOrg_default ||","            function (options, onError) {","            /*","             * this function will test buildCustomOrg's default handling-behavior","             */","                options = {};","                local.buildCustomOrg(options, onError);","            };","","        local.testCase_buildLib_default = local.testCase_buildLib_default || function (","            options,","            onError","        ) {","        /*","         * this function will test buildLib's default handling-behavior","         */","            options = {};","            local.buildLib(options, onError);","        };","","        local.testCase_buildReadme_default = local.testCase_buildReadme_default || function (","            options,","            onError","        ) {","        /*","         * this function will test buildReadme's default handling-behavior-behavior","         */","            options = {};","            local.buildReadme(options, onError);","        };","","        local.testCase_buildTest_default = local.testCase_buildTest_default || function (","            options,","            onError","        ) {","        /*","         * this function will test buildTest's default handling-behavior","         */","            options = {};","            local.buildTest(options, onError);","        };","","        local.testCase_webpage_default = local.testCase_webpage_default || function (","            options,","            onError","        ) {","        /*","         * this function will test webpage's default handling-behavior","         */","            options = { modeCoverageMerge: true, url: local.serverLocalHost + '?modeTest=1' };","            local.browserTest(options, onError);","        };","","        // run test-server","        local.testRunServer(local);","        break;","    }","}());",""],"l":{"12":2,"14":2,"19":2,"21":2,"23":2,"24":2,"25":2,"30":1,"37":2,"40":2,"43":1,"47":1,"50":1,"52":1,"55":2,"61":2,"62":2,"64":2,"70":1,"76":1,"82":2,"83":2,"85":2,"91":1,"98":1,"102":1,"105":1,"112":1,"119":1,"120":1,"123":1,"130":1,"131":1,"132":1,"133":1,"134":1,"135":1,"138":1,"143":2,"144":2,"147":1,"154":2,"155":2,"158":1,"165":2,"166":2,"169":1,"176":2,"177":2,"180":1,"187":1,"188":1,"192":1,"193":1}},"/home/travis/build/npmtest/node-npmtest-dominos/lib.npmtest_dominos.js":{"path":"/home/travis/build/npmtest/node-npmtest-dominos/lib.npmtest_dominos.js","s":{"1":2,"2":2,"3":2,"4":2,"5":2,"6":2,"7":2,"8":1,"9":2,"10":2,"11":2,"12":2,"13":1,"14":1,"15":1,"16":1},"b":{"1":[2,1,1,1],"2":[1,1,1,1],"3":[1,1],"4":[2,2],"5":[1,1]},"f":{"1":2,"2":2,"3":2},"fnMap":{"1":{"name":"(anonymous_1)","line":12,"loc":{"start":{"line":12,"column":1},"end":{"line":12,"column":13}}},"2":{"name":"(anonymous_2)","line":19,"loc":{"start":{"line":19,"column":5},"end":{"line":19,"column":17}}},"3":{"name":"(anonymous_3)","line":23,"loc":{"start":{"line":23,"column":24},"end":{"line":23,"column":36}}}},"statementMap":{"1":{"start":{"line":12,"column":0},"end":{"line":53,"column":5}},"2":{"start":{"line":14,"column":4},"end":{"line":14,"column":14}},"3":{"start":{"line":19,"column":4},"end":{"line":52,"column":9}},"4":{"start":{"line":21,"column":8},"end":{"line":21,"column":19}},"5":{"start":{"line":23,"column":8},"end":{"line":35,"column":13}},"6":{"start":{"line":24,"column":12},"end":{"line":34,"column":13}},"7":{"start":{"line":25,"column":16},"end":{"line":28,"column":30}},"8":{"start":{"line":30,"column":16},"end":{"line":33,"column":27}},"9":{"start":{"line":37,"column":8},"end":{"line":39,"column":21}},"10":{"start":{"line":41,"column":8},"end":{"line":41,"column":54}},"11":{"start":{"line":43,"column":8},"end":{"line":43,"column":52}},"12":{"start":{"line":45,"column":8},"end":{"line":51,"column":9}},"13":{"start":{"line":46,"column":12},"end":{"line":46,"column":58}},"14":{"start":{"line":48,"column":12},"end":{"line":48,"column":35}},"15":{"start":{"line":49,"column":12},"end":{"line":49,"column":49}},"16":{"start":{"line":50,"column":12},"end":{"line":50,"column":43}}},"branchMap":{"1":{"line":25,"type":"binary-expr","locations":[{"start":{"line":25,"column":23},"end":{"line":25,"column":62}},{"start":{"line":26,"column":20},"end":{"line":26,"column":70}},{"start":{"line":27,"column":20},"end":{"line":27,"column":71}},{"start":{"line":28,"column":20},"end":{"line":28,"column":29}}]},"2":{"line":30,"type":"binary-expr","locations":[{"start":{"line":30,"column":23},"end":{"line":30,"column":37}},{"start":{"line":31,"column":20},"end":{"line":31,"column":61}},{"start":{"line":32,"column":20},"end":{"line":32,"column":70}},{"start":{"line":33,"column":20},"end":{"line":33,"column":26}}]},"3":{"line":37,"type":"cond-expr","locations":[{"start":{"line":38,"column":14},"end":{"line":38,"column":20}},{"start":{"line":39,"column":14},"end":{"line":39,"column":20}}]},"4":{"line":41,"type":"binary-expr","locations":[{"start":{"line":41,"column":16},"end":{"line":41,"column":44}},{"start":{"line":41,"column":48},"end":{"line":41,"column":53}}]},"5":{"line":45,"type":"if","locations":[{"start":{"line":45,"column":8},"end":{"line":45,"column":8}},{"start":{"line":45,"column":8},"end":{"line":45,"column":8}}]}},"code":["/* istanbul instrument in package npmtest_dominos */","/*jslint","    bitwise: true,","    browser: true,","    maxerr: 8,","    maxlen: 96,","    node: true,","    nomen: true,","    regexp: true,","    stupid: true","*/","(function () {","    'use strict';","    var local;","","","","    // run shared js-env code - pre-init","    (function () {","        // init local","        local = {};","        // init modeJs","        local.modeJs = (function () {","            try {","                return typeof navigator.userAgent === 'string' &&","                    typeof document.querySelector('body') === 'object' &&","                    typeof XMLHttpRequest.prototype.open === 'function' &&","                    'browser';","            } catch (errorCaughtBrowser) {","                return module.exports &&","                    typeof process.versions.node === 'string' &&","                    typeof require('http').createServer === 'function' &&","                    'node';","            }","        }());","        // init global","        local.global = local.modeJs === 'browser'","            ? window","            : global;","        // init utility2_rollup","        local = local.global.utility2_rollup || local;","        // init lib","        local.local = local.npmtest_dominos = local;","        // init exports","        if (local.modeJs === 'browser') {","            local.global.utility2_npmtest_dominos = local;","        } else {","            module.exports = local;","            module.exports.__dirname = __dirname;","            module.exports.module = module;","        }","    }());","}());",""],"l":{"12":2,"14":2,"19":2,"21":2,"23":2,"24":2,"25":2,"30":1,"37":2,"41":2,"43":2,"45":2,"46":1,"48":1,"49":1,"50":1}},"/home/travis/build/npmtest/node-npmtest-dominos/example.js":{"path":"/home/travis/build/npmtest/node-npmtest-dominos/example.js","s":{"1":2,"2":2,"3":2,"4":2,"5":2,"6":2,"7":2,"8":1,"9":2,"10":2,"11":2,"12":2,"13":1,"14":2,"15":2,"16":2,"17":2,"18":2,"19":0,"20":2,"21":1,"22":1,"23":1,"24":1,"25":1,"26":0,"27":0,"28":1,"29":1,"30":2,"31":0,"32":0,"33":0,"34":1,"35":2,"36":2,"37":3,"38":3,"39":3,"40":3,"41":0,"42":3,"43":3,"44":3,"45":1,"46":3,"47":1,"48":1,"49":1,"50":1,"51":1,"52":1,"53":1,"54":1,"55":1,"56":1,"57":0,"58":1,"59":6,"60":6,"61":1,"62":2,"63":0,"64":2,"65":1,"66":1,"67":0,"68":0,"69":0,"70":0,"71":0,"72":0,"73":0,"74":0,"75":0,"76":0,"77":0,"78":0,"79":0,"80":0,"81":0,"82":0,"83":0},"b":{"1":[2,1,1,1],"2":[1,1,1,1],"3":[1,1],"4":[2,2],"5":[1,1],"6":[1,1],"7":[2,0],"8":[2,1,1,1,1,1],"9":[0,2,0],"10":[1,1],"11":[2,1,1],"12":[1,0],"13":[0,2],"14":[2,0,0,0,0,0,0],"15":[0,3],"16":[3,0],"17":[1,1],"18":[0,1],"19":[1,2,0,2],"20":[1,0],"21":[1,1],"22":[0,0],"23":[0,0],"24":[0,0],"25":[0,0],"26":[0,0],"27":[0,0],"28":[0,0]},"f":{"1":2,"2":2,"3":2,"4":2,"5":2,"6":2,"7":3,"8":3,"9":3,"10":1,"11":6,"12":0},"fnMap":{"1":{"name":"(anonymous_1)","line":26,"loc":{"start":{"line":26,"column":1},"end":{"line":26,"column":13}}},"2":{"name":"(anonymous_2)","line":33,"loc":{"start":{"line":33,"column":5},"end":{"line":33,"column":17}}},"3":{"name":"(anonymous_3)","line":37,"loc":{"start":{"line":37,"column":24},"end":{"line":37,"column":36}}},"4":{"name":"(anonymous_4)","line":69,"loc":{"start":{"line":69,"column":31},"end":{"line":69,"column":48}},"skip":true},"5":{"name":"(anonymous_5)","line":78,"loc":{"start":{"line":78,"column":26},"end":{"line":78,"column":45}},"skip":true},"6":{"name":"(anonymous_6)","line":123,"loc":{"start":{"line":123,"column":33},"end":{"line":123,"column":48}},"skip":true},"7":{"name":"(anonymous_7)","line":125,"loc":{"start":{"line":125,"column":27},"end":{"line":125,"column":39}},"skip":true},"8":{"name":"(anonymous_8)","line":133,"loc":{"start":{"line":133,"column":59},"end":{"line":133,"column":74}},"skip":true},"9":{"name":"(anonymous_9)","line":143,"loc":{"start":{"line":143,"column":45},"end":{"line":143,"column":62}},"skip":true},"10":{"name":"(anonymous_10)","line":144,"loc":{"start":{"line":144,"column":73},"end":{"line":144,"column":92}},"skip":true},"11":{"name":"(anonymous_11)","line":272,"loc":{"start":{"line":272,"column":51},"end":{"line":272,"column":77}},"skip":true},"12":{"name":"(anonymous_12)","line":315,"loc":{"start":{"line":315,"column":32},"end":{"line":315,"column":61}},"skip":true}},"statementMap":{"1":{"start":{"line":26,"column":0},"end":{"line":326,"column":5}},"2":{"start":{"line":28,"column":4},"end":{"line":28,"column":14}},"3":{"start":{"line":33,"column":4},"end":{"line":60,"column":9}},"4":{"start":{"line":35,"column":8},"end":{"line":35,"column":19}},"5":{"start":{"line":37,"column":8},"end":{"line":49,"column":13}},"6":{"start":{"line":38,"column":12},"end":{"line":48,"column":13}},"7":{"start":{"line":39,"column":16},"end":{"line":42,"column":30}},"8":{"start":{"line":44,"column":16},"end":{"line":47,"column":27}},"9":{"start":{"line":51,"column":8},"end":{"line":53,"column":21}},"10":{"start":{"line":55,"column":8},"end":{"line":57,"column":45}},"11":{"start":{"line":59,"column":8},"end":{"line":59,"column":35}},"12":{"start":{"line":61,"column":4},"end":{"line":325,"column":5}},"13":{"start":{"line":69,"column":8},"end":{"line":121,"column":10},"skip":true},"14":{"start":{"line":70,"column":12},"end":{"line":88,"column":13},"skip":true},"15":{"start":{"line":76,"column":16},"end":{"line":87,"column":19},"skip":true},"16":{"start":{"line":79,"column":20},"end":{"line":86,"column":21},"skip":true},"17":{"start":{"line":82,"column":24},"end":{"line":82,"column":43},"skip":true},"18":{"start":{"line":83,"column":24},"end":{"line":83,"column":30},"skip":true},"19":{"start":{"line":85,"column":24},"end":{"line":85,"column":49},"skip":true},"20":{"start":{"line":89,"column":12},"end":{"line":107,"column":13},"skip":true},"21":{"start":{"line":92,"column":16},"end":{"line":102,"column":17},"skip":true},"22":{"start":{"line":93,"column":20},"end":{"line":93,"column":86},"skip":true},"23":{"start":{"line":94,"column":20},"end":{"line":95,"column":45},"skip":true},"24":{"start":{"line":96,"column":20},"end":{"line":96,"column":42},"skip":true},"25":{"start":{"line":97,"column":20},"end":{"line":97,"column":48},"skip":true},"26":{"start":{"line":100,"column":20},"end":{"line":100,"column":85},"skip":true},"27":{"start":{"line":101,"column":20},"end":{"line":101,"column":96},"skip":true},"28":{"start":{"line":103,"column":16},"end":{"line":103,"column":22},"skip":true},"29":{"start":{"line":106,"column":16},"end":{"line":106,"column":22},"skip":true},"30":{"start":{"line":108,"column":12},"end":{"line":120,"column":13},"skip":true},"31":{"start":{"line":114,"column":16},"end":{"line":119,"column":17},"skip":true},"32":{"start":{"line":116,"column":20},"end":{"line":116,"column":78},"skip":true},"33":{"start":{"line":118,"column":20},"end":{"line":118,"column":47},"skip":true},"34":{"start":{"line":123,"column":8},"end":{"line":141,"column":11},"skip":true},"35":{"start":{"line":124,"column":12},"end":{"line":124,"column":54},"skip":true},"36":{"start":{"line":125,"column":12},"end":{"line":140,"column":14},"skip":true},"37":{"start":{"line":126,"column":16},"end":{"line":126,"column":28},"skip":true},"38":{"start":{"line":127,"column":16},"end":{"line":127,"column":69},"skip":true},"39":{"start":{"line":128,"column":16},"end":{"line":128,"column":75},"skip":true},"40":{"start":{"line":129,"column":16},"end":{"line":131,"column":17},"skip":true},"41":{"start":{"line":130,"column":20},"end":{"line":130,"column":27},"skip":true},"42":{"start":{"line":133,"column":16},"end":{"line":137,"column":36},"skip":true},"43":{"start":{"line":134,"column":20},"end":{"line":136,"column":55},"skip":true},"44":{"start":{"line":139,"column":16},"end":{"line":139,"column":57},"skip":true},"45":{"start":{"line":143,"column":8},"end":{"line":147,"column":11},"skip":true},"46":{"start":{"line":144,"column":12},"end":{"line":146,"column":15},"skip":true},"47":{"start":{"line":145,"column":16},"end":{"line":145,"column":70},"skip":true},"48":{"start":{"line":149,"column":8},"end":{"line":149,"column":31},"skip":true},"49":{"start":{"line":150,"column":8},"end":{"line":150,"column":14},"skip":true},"50":{"start":{"line":158,"column":8},"end":{"line":158,"column":31},"skip":true},"51":{"start":{"line":160,"column":8},"end":{"line":160,"column":33},"skip":true},"52":{"start":{"line":161,"column":8},"end":{"line":161,"column":37},"skip":true},"53":{"start":{"line":162,"column":8},"end":{"line":162,"column":35},"skip":true},"54":{"start":{"line":164,"column":8},"end":{"line":164,"column":50},"skip":true},"55":{"start":{"line":166,"column":8},"end":{"line":256,"column":2},"skip":true},"56":{"start":{"line":258,"column":8},"end":{"line":286,"column":9},"skip":true},"57":{"start":{"line":259,"column":12},"end":{"line":269,"column":14},"skip":true},"58":{"start":{"line":271,"column":12},"end":{"line":285,"column":19},"skip":true},"59":{"start":{"line":274,"column":20},"end":{"line":274,"column":35},"skip":true},"60":{"start":{"line":275,"column":20},"end":{"line":284,"column":21},"skip":true},"61":{"start":{"line":277,"column":24},"end":{"line":277,"column":64},"skip":true},"62":{"start":{"line":279,"column":24},"end":{"line":279,"column":40},"skip":true},"63":{"start":{"line":281,"column":24},"end":{"line":281,"column":40},"skip":true},"64":{"start":{"line":283,"column":24},"end":{"line":283,"column":39},"skip":true},"65":{"start":{"line":288,"column":8},"end":{"line":290,"column":9},"skip":true},"66":{"start":{"line":289,"column":12},"end":{"line":289,"column":18},"skip":true},"67":{"start":{"line":291,"column":8},"end":{"line":293,"column":54},"skip":true},"68":{"start":{"line":296,"column":8},"end":{"line":301,"column":37},"skip":true},"69":{"start":{"line":303,"column":8},"end":{"line":303,"column":82},"skip":true},"70":{"start":{"line":306,"column":8},"end":{"line":308,"column":9},"skip":true},"71":{"start":{"line":307,"column":12},"end":{"line":307,"column":82},"skip":true},"72":{"start":{"line":310,"column":8},"end":{"line":312,"column":9},"skip":true},"73":{"start":{"line":311,"column":12},"end":{"line":311,"column":18},"skip":true},"74":{"start":{"line":313,"column":8},"end":{"line":313,"column":54},"skip":true},"75":{"start":{"line":314,"column":8},"end":{"line":314,"column":69},"skip":true},"76":{"start":{"line":315,"column":8},"end":{"line":323,"column":36},"skip":true},"77":{"start":{"line":316,"column":12},"end":{"line":316,"column":61},"skip":true},"78":{"start":{"line":317,"column":12},"end":{"line":320,"column":13},"skip":true},"79":{"start":{"line":318,"column":16},"end":{"line":318,"column":75},"skip":true},"80":{"start":{"line":319,"column":16},"end":{"line":319,"column":23},"skip":true},"81":{"start":{"line":321,"column":12},"end":{"line":321,"column":38},"skip":true},"82":{"start":{"line":322,"column":12},"end":{"line":322,"column":27},"skip":true},"83":{"start":{"line":324,"column":8},"end":{"line":324,"column":14},"skip":true}},"branchMap":{"1":{"line":39,"type":"binary-expr","locations":[{"start":{"line":39,"column":23},"end":{"line":39,"column":62}},{"start":{"line":40,"column":20},"end":{"line":40,"column":70}},{"start":{"line":41,"column":20},"end":{"line":41,"column":71}},{"start":{"line":42,"column":20},"end":{"line":42,"column":29}}]},"2":{"line":44,"type":"binary-expr","locations":[{"start":{"line":44,"column":23},"end":{"line":44,"column":37}},{"start":{"line":45,"column":20},"end":{"line":45,"column":61}},{"start":{"line":46,"column":20},"end":{"line":46,"column":70}},{"start":{"line":47,"column":20},"end":{"line":47,"column":26}}]},"3":{"line":51,"type":"cond-expr","locations":[{"start":{"line":52,"column":14},"end":{"line":52,"column":20}},{"start":{"line":53,"column":14},"end":{"line":53,"column":20}}]},"4":{"line":55,"type":"binary-expr","locations":[{"start":{"line":55,"column":16},"end":{"line":55,"column":44}},{"start":{"line":55,"column":49},"end":{"line":57,"column":43}}]},"5":{"line":55,"type":"cond-expr","locations":[{"start":{"line":56,"column":14},"end":{"line":56,"column":51}},{"start":{"line":57,"column":14},"end":{"line":57,"column":43}}]},"6":{"line":61,"type":"switch","locations":[{"start":{"line":68,"column":4},"end":{"line":150,"column":14},"skip":true},{"start":{"line":156,"column":4},"end":{"line":324,"column":14},"skip":true}]},"7":{"line":70,"type":"if","locations":[{"start":{"line":70,"column":12},"end":{"line":70,"column":12},"skip":true},{"start":{"line":70,"column":12},"end":{"line":70,"column":12},"skip":true}]},"8":{"line":70,"type":"binary-expr","locations":[{"start":{"line":70,"column":16},"end":{"line":70,"column":22},"skip":true},{"start":{"line":70,"column":27},"end":{"line":70,"column":32},"skip":true},{"start":{"line":71,"column":20},"end":{"line":71,"column":39},"skip":true},{"start":{"line":72,"column":20},"end":{"line":72,"column":49},"skip":true},{"start":{"line":73,"column":20},"end":{"line":73,"column":58},"skip":true},{"start":{"line":74,"column":20},"end":{"line":74,"column":69},"skip":true}]},"9":{"line":79,"type":"switch","locations":[{"start":{"line":80,"column":20},"end":{"line":80,"column":33},"skip":true},{"start":{"line":81,"column":20},"end":{"line":83,"column":30},"skip":true},{"start":{"line":84,"column":20},"end":{"line":85,"column":49},"skip":true}]},"10":{"line":89,"type":"switch","locations":[{"start":{"line":90,"column":12},"end":{"line":103,"column":22},"skip":true},{"start":{"line":105,"column":12},"end":{"line":106,"column":22},"skip":true}]},"11":{"line":89,"type":"binary-expr","locations":[{"start":{"line":89,"column":20},"end":{"line":89,"column":25},"skip":true},{"start":{"line":89,"column":29},"end":{"line":89,"column":48},"skip":true},{"start":{"line":89,"column":52},"end":{"line":89,"column":74},"skip":true}]},"12":{"line":92,"type":"if","locations":[{"start":{"line":92,"column":16},"end":{"line":92,"column":16},"skip":true},{"start":{"line":92,"column":16},"end":{"line":92,"column":16},"skip":true}]},"13":{"line":108,"type":"if","locations":[{"start":{"line":108,"column":12},"end":{"line":108,"column":12},"skip":true},{"start":{"line":108,"column":12},"end":{"line":108,"column":12},"skip":true}]},"14":{"line":108,"type":"binary-expr","locations":[{"start":{"line":108,"column":16},"end":{"line":108,"column":61},"skip":true},{"start":{"line":108,"column":66},"end":{"line":108,"column":72},"skip":true},{"start":{"line":108,"column":77},"end":{"line":108,"column":82},"skip":true},{"start":{"line":109,"column":20},"end":{"line":109,"column":39},"skip":true},{"start":{"line":110,"column":20},"end":{"line":110,"column":49},"skip":true},{"start":{"line":111,"column":20},"end":{"line":111,"column":58},"skip":true},{"start":{"line":112,"column":20},"end":{"line":112,"column":68},"skip":true}]},"15":{"line":129,"type":"if","locations":[{"start":{"line":129,"column":16},"end":{"line":129,"column":16},"skip":true},{"start":{"line":129,"column":16},"end":{"line":129,"column":16},"skip":true}]},"16":{"line":134,"type":"cond-expr","locations":[{"start":{"line":135,"column":26},"end":{"line":135,"column":29},"skip":true},{"start":{"line":136,"column":26},"end":{"line":136,"column":54},"skip":true}]},"17":{"line":164,"type":"binary-expr","locations":[{"start":{"line":164,"column":27},"end":{"line":164,"column":43},"skip":true},{"start":{"line":164,"column":47},"end":{"line":164,"column":49},"skip":true}]},"18":{"line":258,"type":"if","locations":[{"start":{"line":258,"column":8},"end":{"line":258,"column":8},"skip":true},{"start":{"line":258,"column":8},"end":{"line":258,"column":8},"skip":true}]},"19":{"line":275,"type":"switch","locations":[{"start":{"line":276,"column":20},"end":{"line":277,"column":64},"skip":true},{"start":{"line":278,"column":20},"end":{"line":279,"column":40},"skip":true},{"start":{"line":280,"column":20},"end":{"line":281,"column":40},"skip":true},{"start":{"line":282,"column":20},"end":{"line":283,"column":39},"skip":true}]},"20":{"line":288,"type":"if","locations":[{"start":{"line":288,"column":8},"end":{"line":288,"column":8},"skip":true},{"start":{"line":288,"column":8},"end":{"line":288,"column":8},"skip":true}]},"21":{"line":288,"type":"binary-expr","locations":[{"start":{"line":288,"column":12},"end":{"line":288,"column":40},"skip":true},{"start":{"line":288,"column":44},"end":{"line":288,"column":67},"skip":true}]},"22":{"line":292,"type":"binary-expr","locations":[{"start":{"line":292,"column":12},"end":{"line":292,"column":50},"skip":true},{"start":{"line":293,"column":12},"end":{"line":293,"column":53},"skip":true}]},"23":{"line":297,"type":"binary-expr","locations":[{"start":{"line":297,"column":12},"end":{"line":297,"column":65},"skip":true},{"start":{"line":298,"column":12},"end":{"line":301,"column":36},"skip":true}]},"24":{"line":303,"type":"binary-expr","locations":[{"start":{"line":303,"column":43},"end":{"line":303,"column":75},"skip":true},{"start":{"line":303,"column":79},"end":{"line":303,"column":81},"skip":true}]},"25":{"line":306,"type":"if","locations":[{"start":{"line":306,"column":8},"end":{"line":306,"column":8},"skip":true},{"start":{"line":306,"column":8},"end":{"line":306,"column":8},"skip":true}]},"26":{"line":310,"type":"if","locations":[{"start":{"line":310,"column":8},"end":{"line":310,"column":8},"skip":true},{"start":{"line":310,"column":8},"end":{"line":310,"column":8},"skip":true}]},"27":{"line":313,"type":"binary-expr","locations":[{"start":{"line":313,"column":27},"end":{"line":313,"column":43},"skip":true},{"start":{"line":313,"column":47},"end":{"line":313,"column":53},"skip":true}]},"28":{"line":317,"type":"if","locations":[{"start":{"line":317,"column":12},"end":{"line":317,"column":12},"skip":true},{"start":{"line":317,"column":12},"end":{"line":317,"column":12},"skip":true}]}},"code":["/*","example.js","","quickstart example","","instruction","    1. save this script as example.js","    2. run the shell command:","        $ npm install npmtest-dominos && PORT=8081 node example.js","    3. play with the browser-demo on http://127.0.0.1:8081","*/","","","","/* istanbul instrument in package npmtest_dominos */","/*jslint","    bitwise: true,","    browser: true,","    maxerr: 8,","    maxlen: 96,","    node: true,","    nomen: true,","    regexp: true,","    stupid: true","*/","(function () {","    'use strict';","    var local;","","","","    // run shared js-env code - pre-init","    (function () {","        // init local","        local = {};","        // init modeJs","        local.modeJs = (function () {","            try {","                return typeof navigator.userAgent === 'string' &&","                    typeof document.querySelector('body') === 'object' &&","                    typeof XMLHttpRequest.prototype.open === 'function' &&","                    'browser';","            } catch (errorCaughtBrowser) {","                return module.exports &&","                    typeof process.versions.node === 'string' &&","                    typeof require('http').createServer === 'function' &&","                    'node';","            }","        }());","        // init global","        local.global = local.modeJs === 'browser'","            ? window","            : global;","        // init utility2_rollup","        local = local.global.utility2_rollup || (local.modeJs === 'browser'","            ? local.global.utility2_npmtest_dominos","            : global.utility2_moduleExports);","        // export local","        local.global.local = local;","    }());","    switch (local.modeJs) {","","","","    // post-init","    // run browser js-env code - post-init","    /* istanbul ignore next */","    case 'browser':","        local.testRunBrowser = function (event) {","            if (!event || (event &&","                    event.currentTarget &&","                    event.currentTarget.className &&","                    event.currentTarget.className.includes &&","                    event.currentTarget.className.includes('onreset'))) {","                // reset output","                Array.from(","                    document.querySelectorAll('body > .resettable')","                ).forEach(function (element) {","                    switch (element.tagName) {","                    case 'INPUT':","                    case 'TEXTAREA':","                        element.value = '';","                        break;","                    default:","                        element.textContent = '';","                    }","                });","            }","            switch (event && event.currentTarget && event.currentTarget.id) {","            case 'testRunButton1':","                // show tests","                if (document.querySelector('#testReportDiv1').style.display === 'none') {","                    document.querySelector('#testReportDiv1').style.display = 'block';","                    document.querySelector('#testRunButton1').textContent =","                        'hide internal test';","                    local.modeTest = true;","                    local.testRunDefault(local);","                // hide tests","                } else {","                    document.querySelector('#testReportDiv1').style.display = 'none';","                    document.querySelector('#testRunButton1').textContent = 'run internal test';","                }","                break;","            // custom-case","            default:","                break;","            }","            if (document.querySelector('#inputTextareaEval1') && (!event || (event &&","                    event.currentTarget &&","                    event.currentTarget.className &&","                    event.currentTarget.className.includes &&","                    event.currentTarget.className.includes('oneval')))) {","                // try to eval input-code","                try {","                    /*jslint evil: true*/","                    eval(document.querySelector('#inputTextareaEval1').value);","                } catch (errorCaught) {","                    console.error(errorCaught);","                }","            }","        };","        // log stderr and stdout to #outputTextareaStdout1","        ['error', 'log'].forEach(function (key) {","            console[key + '_original'] = console[key];","            console[key] = function () {","                var element;","                console[key + '_original'].apply(console, arguments);","                element = document.querySelector('#outputTextareaStdout1');","                if (!element) {","                    return;","                }","                // append text to #outputTextareaStdout1","                element.value += Array.from(arguments).map(function (arg) {","                    return typeof arg === 'string'","                        ? arg","                        : JSON.stringify(arg, null, 4);","                }).join(' ') + '\\n';","                // scroll textarea to bottom","                element.scrollTop = element.scrollHeight;","            };","        });","        // init event-handling","        ['change', 'click', 'keyup'].forEach(function (event) {","            Array.from(document.querySelectorAll('.on' + event)).forEach(function (element) {","                element.addEventListener(event, local.testRunBrowser);","            });","        });","        // run tests","        local.testRunBrowser();","        break;","","","","    // run node js-env code - post-init","    /* istanbul ignore next */","    case 'node':","        // export local","        module.exports = local;","        // require modules","        local.fs = require('fs');","        local.http = require('http');","        local.url = require('url');","        // init assets","        local.assetsDict = local.assetsDict || {};","        /* jslint-ignore-begin */","        local.assetsDict['/assets.index.template.html'] = '\\","<!doctype html>\\n\\","<html lang=\"en\">\\n\\","<head>\\n\\","<meta charset=\"UTF-8\">\\n\\","<meta name=\"viewport\" content=\"width=device-width, initial-scale=1\">\\n\\","<title>{{env.npm_package_name}} (v{{env.npm_package_version}})</title>\\n\\","<style>\\n\\","/*csslint\\n\\","    box-sizing: false,\\n\\","    universal-selector: false\\n\\","*/\\n\\","* {\\n\\","    box-sizing: border-box;\\n\\","}\\n\\","body {\\n\\","    background: #dde;\\n\\","    font-family: Arial, Helvetica, sans-serif;\\n\\","    margin: 2rem;\\n\\","}\\n\\","body > * {\\n\\","    margin-bottom: 1rem;\\n\\","}\\n\\",".utility2FooterDiv {\\n\\","    margin-top: 20px;\\n\\","    text-align: center;\\n\\","}\\n\\","</style>\\n\\","<style>\\n\\","/*csslint\\n\\","*/\\n\\","textarea {\\n\\","    font-family: monospace;\\n\\","    height: 10rem;\\n\\","    width: 100%;\\n\\","}\\n\\","textarea[readonly] {\\n\\","    background: #ddd;\\n\\","}\\n\\","</style>\\n\\","</head>\\n\\","<body>\\n\\","<!-- utility2-comment\\n\\","<div id=\"ajaxProgressDiv1\" style=\"background: #d00; height: 2px; left: 0; margin: 0; padding: 0; position: fixed; top: 0; transition: background 0.5s, width 1.5s; width: 25%;\"></div>\\n\\","utility2-comment -->\\n\\","<h1>\\n\\","<!-- utility2-comment\\n\\","    <a\\n\\","        {{#if env.npm_package_homepage}}\\n\\","        href=\"{{env.npm_package_homepage}}\"\\n\\","        {{/if env.npm_package_homepage}}\\n\\","        target=\"_blank\"\\n\\","    >\\n\\","utility2-comment -->\\n\\","        {{env.npm_package_name}} (v{{env.npm_package_version}})\\n\\","<!-- utility2-comment\\n\\","    </a>\\n\\","utility2-comment -->\\n\\","</h1>\\n\\","<h3>{{env.npm_package_description}}</h3>\\n\\","<!-- utility2-comment\\n\\","<h4><a download href=\"assets.app.js\">download standalone app</a></h4>\\n\\","<button class=\"onclick onreset\" id=\"testRunButton1\">run internal test</button><br>\\n\\","<div id=\"testReportDiv1\" style=\"display: none;\"></div>\\n\\","utility2-comment -->\\n\\","\\n\\","\\n\\","\\n\\","<label>stderr and stdout</label>\\n\\","<textarea class=\"resettable\" id=\"outputTextareaStdout1\" readonly></textarea>\\n\\","<!-- utility2-comment\\n\\","{{#if isRollup}}\\n\\","<script src=\"assets.app.js\"></script>\\n\\","{{#unless isRollup}}\\n\\","utility2-comment -->\\n\\","<script src=\"assets.utility2.rollup.js\"></script>\\n\\","<script src=\"jsonp.utility2._stateInit?callback=window.utility2._stateInit\"></script>\\n\\","<script src=\"assets.npmtest_dominos.rollup.js\"></script>\\n\\","<script src=\"assets.example.js\"></script>\\n\\","<script src=\"assets.test.js\"></script>\\n\\","<!-- utility2-comment\\n\\","{{/if isRollup}}\\n\\","utility2-comment -->\\n\\","<div class=\"utility2FooterDiv\">\\n\\","    [ this app was created with\\n\\","    <a href=\"https://github.com/kaizhu256/node-utility2\" target=\"_blank\">utility2</a>\\n\\","    ]\\n\\","</div>\\n\\","</body>\\n\\","</html>\\n\\","';","        /* jslint-ignore-end */","        if (local.templateRender) {","            local.assetsDict['/'] = local.templateRender(","                local.assetsDict['/assets.index.template.html'],","                {","                    env: local.objectSetDefault(local.env, {","                        npm_package_description: 'the greatest app in the world!',","                        npm_package_name: 'my-app',","                        npm_package_nameAlias: 'my_app',","                        npm_package_version: '0.0.1'","                    })","                }","            );","        } else {","            local.assetsDict['/'] = local.assetsDict['/assets.index.template.html']","                .replace((/\\{\\{env\\.(\\w+?)\\}\\}/g), function (match0, match1) {","                    // jslint-hack","                    String(match0);","                    switch (match1) {","                    case 'npm_package_description':","                        return 'the greatest app in the world!';","                    case 'npm_package_name':","                        return 'my-app';","                    case 'npm_package_nameAlias':","                        return 'my_app';","                    case 'npm_package_version':","                        return '0.0.1';","                    }","                });","        }","        // run the cli","        if (local.global.utility2_rollup || module !== require.main) {","            break;","        }","        local.assetsDict['/assets.example.js'] =","            local.assetsDict['/assets.example.js'] ||","            local.fs.readFileSync(__filename, 'utf8');","        // bug-workaround - long $npm_package_buildCustomOrg","        /* jslint-ignore-begin */","        local.assetsDict['/assets.npmtest_dominos.rollup.js'] =","            local.assetsDict['/assets.npmtest_dominos.rollup.js'] ||","            local.fs.readFileSync(","                local.npmtest_dominos.__dirname + '/lib.npmtest_dominos.js',","                'utf8'","            ).replace((/^#!/), '//');","        /* jslint-ignore-end */","        local.assetsDict['/favicon.ico'] = local.assetsDict['/favicon.ico'] || '';","        // if $npm_config_timeout_exit exists,","        // then exit this process after $npm_config_timeout_exit ms","        if (Number(process.env.npm_config_timeout_exit)) {","            setTimeout(process.exit, Number(process.env.npm_config_timeout_exit));","        }","        // start server","        if (local.global.utility2_serverHttp1) {","            break;","        }","        process.env.PORT = process.env.PORT || '8081';","        console.error('server starting on port ' + process.env.PORT);","        local.http.createServer(function (request, response) {","            request.urlParsed = local.url.parse(request.url);","            if (local.assetsDict[request.urlParsed.pathname] !== undefined) {","                response.end(local.assetsDict[request.urlParsed.pathname]);","                return;","            }","            response.statusCode = 404;","            response.end();","        }).listen(process.env.PORT);","        break;","    }","}());",""],"l":{"26":2,"28":2,"33":2,"35":2,"37":2,"38":2,"39":2,"44":1,"51":2,"55":2,"59":2,"61":2,"69":1,"70":2,"76":2,"79":2,"82":2,"83":2,"85":1,"89":2,"92":1,"93":1,"94":1,"96":1,"97":1,"100":1,"101":1,"103":1,"106":1,"108":2,"114":1,"116":1,"118":1,"123":1,"124":2,"125":2,"126":3,"127":3,"128":3,"129":3,"130":1,"133":3,"134":3,"139":3,"143":1,"144":3,"145":1,"149":1,"150":1,"158":1,"160":1,"161":1,"162":1,"164":1,"166":1,"258":1,"259":1,"271":1,"274":6,"275":6,"277":1,"279":2,"281":1,"283":2,"288":1,"289":1,"291":1,"296":1,"303":1,"306":1,"307":1,"310":1,"311":1,"313":1,"314":1,"315":1,"316":1,"317":1,"318":1,"319":1,"321":1,"322":1,"324":1}},"/home/travis/build/npmtest/node-npmtest-dominos/node_modules/dominos/dominos-pizza-api.js":{"path":"/home/travis/build/npmtest/node-npmtest-dominos/node_modules/dominos/dominos-pizza-api.js","s":{"1":1},"b":{},"f":{},"fnMap":{},"statementMap":{"1":{"start":{"line":1,"column":0},"end":{"line":14,"column":2}}},"branchMap":{},"code":["module.exports = {","    Order: require('./src/Order'),","    Address: require('./src/Address'),","    Customer: require('./src/Customer'),","    Store: require('./src/Store'),","    Track: require('./src/Track'),","    Item: require('./src/Item'),","    Coupon: require('./src/Coupon'),","    Util: require('./src/Utilities'),","    ","    Menu: require('./src/Menu'),","    MenuItem: require('./src/MenuItem'),","    MenuCategory: require('./src/MenuCategory'),","};",""],"l":{"1":1}},"/home/travis/build/npmtest/node-npmtest-dominos/node_modules/dominos/src/Order.js":{"path":"/home/travis/build/npmtest/node-npmtest-dominos/node_modules/dominos/src/Order.js","s":{"1":1,"2":1,"3":1,"4":1,"5":0,"6":0,"7":0,"8":0,"9":0,"10":0,"11":0,"12":0,"13":0,"14":0,"15":0,"16":0,"17":0,"18":0,"19":0,"20":0,"21":0,"22":0,"23":0,"24":0,"25":0,"26":0,"27":0,"28":0,"29":0,"30":0,"31":0,"32":0,"33":0,"34":0,"35":0,"36":0,"37":0,"38":0,"39":0,"40":0,"41":0,"42":0,"43":0,"44":0,"45":0,"46":0,"47":0,"48":0,"49":0,"50":0,"51":0,"52":0,"53":0,"54":0,"55":0,"56":0,"57":0,"58":0,"59":0,"60":0,"61":0,"62":0,"63":0,"64":0,"65":0,"66":1,"67":0,"68":1,"69":0,"70":0,"71":0,"72":1,"73":0,"74":1,"75":0,"76":0,"77":0,"78":1,"79":0,"80":0,"81":0,"82":0,"83":0,"84":0,"85":1,"86":0,"87":0,"88":0,"89":0,"90":0,"91":0,"92":1,"93":0,"94":0,"95":0,"96":0,"97":0,"98":1,"99":0,"100":0,"101":0,"102":0,"103":0,"104":0,"105":1,"106":0,"107":0,"108":0,"109":0,"110":0,"111":0,"112":0,"113":0,"114":0,"115":0,"116":0,"117":0,"118":0,"119":0,"120":0,"121":0,"122":1,"123":0,"124":1},"b":{"1":[0,0],"2":[0,0],"3":[0,0],"4":[0,0],"5":[0,0],"6":[0,0],"7":[0,0],"8":[0,0],"9":[0,0],"10":[0,0],"11":[0,0],"12":[0,0],"13":[0,0],"14":[0,0],"15":[0,0],"16":[0,0],"17":[0,0],"18":[0,0],"19":[0,0],"20":[0,0],"21":[0,0],"22":[0,0],"23":[0,0],"24":[0,0],"25":[0,0],"26":[0,0],"27":[0,0],"28":[0,0],"29":[0,0],"30":[0,0],"31":[0,0],"32":[0,0],"33":[0,0],"34":[0,0],"35":[0,0],"36":[0,0],"37":[0,0],"38":[0,0],"39":[0,0],"40":[0,0],"41":[0,0],"42":[0,0]},"f":{"1":0,"2":0,"3":0,"4":0,"5":0,"6":0,"7":0,"8":0,"9":0,"10":0,"11":0},"fnMap":{"1":{"name":"(anonymous_1)","line":7,"loc":{"start":{"line":7,"column":12},"end":{"line":7,"column":33}}},"2":{"name":"(anonymous_2)","line":94,"loc":{"start":{"line":94,"column":28},"end":{"line":94,"column":45}}},"3":{"name":"(anonymous_3)","line":98,"loc":{"start":{"line":98,"column":31},"end":{"line":98,"column":48}}},"4":{"name":"(anonymous_4)","line":105,"loc":{"start":{"line":105,"column":26},"end":{"line":105,"column":41}}},"5":{"name":"(anonymous_5)","line":109,"loc":{"start":{"line":109,"column":29},"end":{"line":109,"column":44}}},"6":{"name":"(anonymous_6)","line":116,"loc":{"start":{"line":116,"column":27},"end":{"line":116,"column":46}}},"7":{"name":"(anonymous_7)","line":135,"loc":{"start":{"line":135,"column":24},"end":{"line":135,"column":43}}},"8":{"name":"(anonymous_8)","line":153,"loc":{"start":{"line":153,"column":24},"end":{"line":153,"column":43}}},"9":{"name":"(anonymous_9)","line":170,"loc":{"start":{"line":170,"column":32},"end":{"line":170,"column":59}}},"10":{"name":"(anonymous_10)","line":183,"loc":{"start":{"line":183,"column":27},"end":{"line":183,"column":43}}},"11":{"name":"(anonymous_11)","line":218,"loc":{"start":{"line":218,"column":30},"end":{"line":218,"column":40}}}},"statementMap":{"1":{"start":{"line":3,"column":0},"end":{"line":3,"column":34}},"2":{"start":{"line":4,"column":0},"end":{"line":4,"column":38}},"3":{"start":{"line":5,"column":0},"end":{"line":5,"column":25}},"4":{"start":{"line":7,"column":0},"end":{"line":92,"column":2}},"5":{"start":{"line":8,"column":2},"end":{"line":10,"column":3}},"6":{"start":{"line":9,"column":6},"end":{"line":9,"column":19}},"7":{"start":{"line":12,"column":2},"end":{"line":12,"column":20}},"8":{"start":{"line":13,"column":2},"end":{"line":13,"column":20}},"9":{"start":{"line":14,"column":2},"end":{"line":14,"column":23}},"10":{"start":{"line":15,"column":2},"end":{"line":15,"column":18}},"11":{"start":{"line":16,"column":2},"end":{"line":16,"column":22}},"12":{"start":{"line":17,"column":2},"end":{"line":17,"column":22}},"13":{"start":{"line":18,"column":2},"end":{"line":18,"column":21}},"14":{"start":{"line":19,"column":2},"end":{"line":19,"column":27}},"15":{"start":{"line":20,"column":2},"end":{"line":20,"column":28}},"16":{"start":{"line":21,"column":2},"end":{"line":21,"column":20}},"17":{"start":{"line":22,"column":2},"end":{"line":22,"column":27}},"18":{"start":{"line":23,"column":2},"end":{"line":23,"column":25}},"19":{"start":{"line":24,"column":2},"end":{"line":24,"column":21}},"20":{"start":{"line":25,"column":2},"end":{"line":25,"column":18}},"21":{"start":{"line":26,"column":2},"end":{"line":26,"column":21}},"22":{"start":{"line":27,"column":2},"end":{"line":27,"column":19}},"23":{"start":{"line":28,"column":2},"end":{"line":28,"column":21}},"24":{"start":{"line":29,"column":2},"end":{"line":29,"column":63}},"25":{"start":{"line":30,"column":2},"end":{"line":30,"column":46}},"26":{"start":{"line":31,"column":2},"end":{"line":31,"column":40}},"27":{"start":{"line":32,"column":2},"end":{"line":32,"column":17}},"28":{"start":{"line":33,"column":2},"end":{"line":33,"column":23}},"29":{"start":{"line":34,"column":2},"end":{"line":34,"column":24}},"30":{"start":{"line":35,"column":2},"end":{"line":35,"column":21}},"31":{"start":{"line":36,"column":2},"end":{"line":36,"column":22}},"32":{"start":{"line":37,"column":2},"end":{"line":37,"column":21}},"33":{"start":{"line":38,"column":2},"end":{"line":38,"column":20}},"34":{"start":{"line":39,"column":2},"end":{"line":39,"column":25}},"35":{"start":{"line":40,"column":2},"end":{"line":40,"column":33}},"36":{"start":{"line":41,"column":2},"end":{"line":41,"column":27}},"37":{"start":{"line":42,"column":2},"end":{"line":42,"column":24}},"38":{"start":{"line":44,"column":2},"end":{"line":54,"column":3}},"39":{"start":{"line":45,"column":4},"end":{"line":45,"column":39}},"40":{"start":{"line":47,"column":4},"end":{"line":47,"column":36}},"41":{"start":{"line":48,"column":4},"end":{"line":48,"column":34}},"42":{"start":{"line":49,"column":4},"end":{"line":49,"column":32}},"43":{"start":{"line":50,"column":4},"end":{"line":50,"column":40}},"44":{"start":{"line":51,"column":4},"end":{"line":51,"column":38}},"45":{"start":{"line":52,"column":4},"end":{"line":52,"column":32}},"46":{"start":{"line":53,"column":4},"end":{"line":53,"column":16}},"47":{"start":{"line":55,"column":2},"end":{"line":91,"column":3}},"48":{"start":{"line":56,"column":4},"end":{"line":56,"column":37}},"49":{"start":{"line":57,"column":4},"end":{"line":57,"column":39}},"50":{"start":{"line":59,"column":4},"end":{"line":61,"column":24}},"51":{"start":{"line":63,"column":4},"end":{"line":65,"column":27}},"52":{"start":{"line":67,"column":4},"end":{"line":69,"column":22}},"53":{"start":{"line":71,"column":4},"end":{"line":73,"column":26}},"54":{"start":{"line":75,"column":4},"end":{"line":77,"column":25}},"55":{"start":{"line":79,"column":4},"end":{"line":79,"column":37}},"56":{"start":{"line":80,"column":4},"end":{"line":80,"column":39}},"57":{"start":{"line":81,"column":4},"end":{"line":81,"column":35}},"58":{"start":{"line":82,"column":4},"end":{"line":82,"column":39}},"59":{"start":{"line":83,"column":4},"end":{"line":83,"column":37}},"60":{"start":{"line":84,"column":4},"end":{"line":84,"column":43}},"61":{"start":{"line":85,"column":4},"end":{"line":85,"column":53}},"62":{"start":{"line":86,"column":4},"end":{"line":86,"column":69}},"63":{"start":{"line":87,"column":4},"end":{"line":87,"column":57}},"64":{"start":{"line":88,"column":4},"end":{"line":88,"column":61}},"65":{"start":{"line":90,"column":4},"end":{"line":90,"column":16}},"66":{"start":{"line":94,"column":0},"end":{"line":96,"column":2}},"67":{"start":{"line":95,"column":4},"end":{"line":95,"column":29}},"68":{"start":{"line":98,"column":0},"end":{"line":103,"column":2}},"69":{"start":{"line":99,"column":4},"end":{"line":99,"column":45}},"70":{"start":{"line":100,"column":4},"end":{"line":102,"column":5}},"71":{"start":{"line":101,"column":8},"end":{"line":101,"column":38}},"72":{"start":{"line":105,"column":0},"end":{"line":107,"column":2}},"73":{"start":{"line":106,"column":4},"end":{"line":106,"column":28}},"74":{"start":{"line":109,"column":0},"end":{"line":114,"column":2}},"75":{"start":{"line":110,"column":2},"end":{"line":110,"column":42}},"76":{"start":{"line":111,"column":2},"end":{"line":113,"column":3}},"77":{"start":{"line":112,"column":4},"end":{"line":112,"column":35}},"78":{"start":{"line":116,"column":0},"end":{"line":133,"column":2}},"79":{"start":{"line":117,"column":2},"end":{"line":125,"column":3}},"80":{"start":{"line":118,"column":4},"end":{"line":123,"column":5}},"81":{"start":{"line":119,"column":6},"end":{"line":122,"column":9}},"82":{"start":{"line":124,"column":4},"end":{"line":124,"column":11}},"83":{"start":{"line":128,"column":2},"end":{"line":130,"column":5}},"84":{"start":{"line":132,"column":2},"end":{"line":132,"column":90}},"85":{"start":{"line":135,"column":0},"end":{"line":151,"column":2}},"86":{"start":{"line":136,"column":2},"end":{"line":144,"column":3}},"87":{"start":{"line":137,"column":4},"end":{"line":142,"column":5}},"88":{"start":{"line":138,"column":6},"end":{"line":141,"column":9}},"89":{"start":{"line":143,"column":4},"end":{"line":143,"column":11}},"90":{"start":{"line":146,"column":2},"end":{"line":148,"column":5}},"91":{"start":{"line":150,"column":2},"end":{"line":150,"column":87}},"92":{"start":{"line":153,"column":0},"end":{"line":168,"column":2}},"93":{"start":{"line":154,"column":2},"end":{"line":161,"column":3}},"94":{"start":{"line":155,"column":6},"end":{"line":160,"column":7}},"95":{"start":{"line":156,"column":10},"end":{"line":159,"column":12}},"96":{"start":{"line":163,"column":2},"end":{"line":165,"column":5}},"97":{"start":{"line":167,"column":2},"end":{"line":167,"column":57}},"98":{"start":{"line":170,"column":0},"end":{"line":181,"column":1}},"99":{"start":{"line":171,"column":4},"end":{"line":176,"column":5}},"100":{"start":{"line":172,"column":8},"end":{"line":174,"column":9}},"101":{"start":{"line":173,"column":12},"end":{"line":173,"column":21}},"102":{"start":{"line":175,"column":8},"end":{"line":175,"column":45}},"103":{"start":{"line":178,"column":4},"end":{"line":180,"column":5}},"104":{"start":{"line":179,"column":8},"end":{"line":179,"column":27}},"105":{"start":{"line":183,"column":0},"end":{"line":216,"column":1}},"106":{"start":{"line":184,"column":4},"end":{"line":192,"column":6}},"107":{"start":{"line":194,"column":4},"end":{"line":195,"column":22}},"108":{"start":{"line":195,"column":8},"end":{"line":195,"column":22}},"109":{"start":{"line":197,"column":4},"end":{"line":198,"column":28}},"110":{"start":{"line":198,"column":8},"end":{"line":198,"column":28}},"111":{"start":{"line":200,"column":4},"end":{"line":201,"column":22}},"112":{"start":{"line":201,"column":8},"end":{"line":201,"column":22}},"113":{"start":{"line":203,"column":4},"end":{"line":204,"column":24}},"114":{"start":{"line":204,"column":8},"end":{"line":204,"column":24}},"115":{"start":{"line":206,"column":4},"end":{"line":207,"column":26}},"116":{"start":{"line":207,"column":8},"end":{"line":207,"column":26}},"117":{"start":{"line":209,"column":4},"end":{"line":210,"column":21}},"118":{"start":{"line":210,"column":8},"end":{"line":210,"column":21}},"119":{"start":{"line":212,"column":4},"end":{"line":213,"column":21}},"120":{"start":{"line":213,"column":8},"end":{"line":213,"column":21}},"121":{"start":{"line":215,"column":4},"end":{"line":215,"column":14}},"122":{"start":{"line":218,"column":0},"end":{"line":259,"column":1}},"123":{"start":{"line":219,"column":4},"end":{"line":258,"column":6}},"124":{"start":{"line":261,"column":0},"end":{"line":261,"column":23}}},"branchMap":{"1":{"line":8,"type":"if","locations":[{"start":{"line":8,"column":2},"end":{"line":8,"column":2}},{"start":{"line":8,"column":2},"end":{"line":8,"column":2}}]},"2":{"line":29,"type":"binary-expr","locations":[{"start":{"line":29,"column":23},"end":{"line":29,"column":48}},{"start":{"line":29,"column":52},"end":{"line":29,"column":62}}]},"3":{"line":31,"type":"binary-expr","locations":[{"start":{"line":31,"column":17},"end":{"line":31,"column":35}},{"start":{"line":31,"column":37},"end":{"line":31,"column":39}}]},"4":{"line":44,"type":"if","locations":[{"start":{"line":44,"column":2},"end":{"line":44,"column":2}},{"start":{"line":44,"column":2},"end":{"line":44,"column":2}}]},"5":{"line":55,"type":"if","locations":[{"start":{"line":55,"column":2},"end":{"line":55,"column":2}},{"start":{"line":55,"column":2},"end":{"line":55,"column":2}}]},"6":{"line":55,"type":"binary-expr","locations":[{"start":{"line":55,"column":5},"end":{"line":55,"column":24}},{"start":{"line":55,"column":28},"end":{"line":55,"column":47}}]},"7":{"line":59,"type":"cond-expr","locations":[{"start":{"line":60,"column":8},"end":{"line":60,"column":64}},{"start":{"line":61,"column":6},"end":{"line":61,"column":23}}]},"8":{"line":60,"type":"cond-expr","locations":[{"start":{"line":60,"column":28},"end":{"line":60,"column":44}},{"start":{"line":60,"column":47},"end":{"line":60,"column":64}}]},"9":{"line":63,"type":"cond-expr","locations":[{"start":{"line":64,"column":8},"end":{"line":64,"column":62}},{"start":{"line":65,"column":6},"end":{"line":65,"column":26}}]},"10":{"line":64,"type":"cond-expr","locations":[{"start":{"line":64,"column":28},"end":{"line":64,"column":39}},{"start":{"line":64,"column":42},"end":{"line":64,"column":62}}]},"11":{"line":67,"type":"cond-expr","locations":[{"start":{"line":68,"column":8},"end":{"line":68,"column":60}},{"start":{"line":69,"column":6},"end":{"line":69,"column":21}}]},"12":{"line":68,"type":"cond-expr","locations":[{"start":{"line":68,"column":28},"end":{"line":68,"column":42}},{"start":{"line":68,"column":45},"end":{"line":68,"column":60}}]},"13":{"line":71,"type":"cond-expr","locations":[{"start":{"line":72,"column":8},"end":{"line":72,"column":68}},{"start":{"line":73,"column":6},"end":{"line":73,"column":25}}]},"14":{"line":72,"type":"cond-expr","locations":[{"start":{"line":72,"column":28},"end":{"line":72,"column":46}},{"start":{"line":72,"column":49},"end":{"line":72,"column":68}}]},"15":{"line":75,"type":"cond-expr","locations":[{"start":{"line":76,"column":8},"end":{"line":76,"column":66}},{"start":{"line":77,"column":6},"end":{"line":77,"column":24}}]},"16":{"line":76,"type":"cond-expr","locations":[{"start":{"line":76,"column":28},"end":{"line":76,"column":45}},{"start":{"line":76,"column":48},"end":{"line":76,"column":66}}]},"17":{"line":84,"type":"binary-expr","locations":[{"start":{"line":84,"column":19},"end":{"line":84,"column":36}},{"start":{"line":84,"column":40},"end":{"line":84,"column":42}}]},"18":{"line":85,"type":"binary-expr","locations":[{"start":{"line":85,"column":24},"end":{"line":85,"column":46}},{"start":{"line":85,"column":50},"end":{"line":85,"column":52}}]},"19":{"line":86,"type":"binary-expr","locations":[{"start":{"line":86,"column":32},"end":{"line":86,"column":62}},{"start":{"line":86,"column":66},"end":{"line":86,"column":68}}]},"20":{"line":87,"type":"binary-expr","locations":[{"start":{"line":87,"column":26},"end":{"line":87,"column":50}},{"start":{"line":87,"column":54},"end":{"line":87,"column":56}}]},"21":{"line":88,"type":"binary-expr","locations":[{"start":{"line":88,"column":28},"end":{"line":88,"column":54}},{"start":{"line":88,"column":58},"end":{"line":88,"column":60}}]},"22":{"line":100,"type":"if","locations":[{"start":{"line":100,"column":4},"end":{"line":100,"column":4}},{"start":{"line":100,"column":4},"end":{"line":100,"column":4}}]},"23":{"line":111,"type":"if","locations":[{"start":{"line":111,"column":2},"end":{"line":111,"column":2}},{"start":{"line":111,"column":2},"end":{"line":111,"column":2}}]},"24":{"line":117,"type":"if","locations":[{"start":{"line":117,"column":2},"end":{"line":117,"column":2}},{"start":{"line":117,"column":2},"end":{"line":117,"column":2}}]},"25":{"line":117,"type":"binary-expr","locations":[{"start":{"line":117,"column":5},"end":{"line":117,"column":19}},{"start":{"line":117,"column":23},"end":{"line":117,"column":32}}]},"26":{"line":118,"type":"if","locations":[{"start":{"line":118,"column":4},"end":{"line":118,"column":4}},{"start":{"line":118,"column":4},"end":{"line":118,"column":4}}]},"27":{"line":136,"type":"if","locations":[{"start":{"line":136,"column":2},"end":{"line":136,"column":2}},{"start":{"line":136,"column":2},"end":{"line":136,"column":2}}]},"28":{"line":136,"type":"binary-expr","locations":[{"start":{"line":136,"column":5},"end":{"line":136,"column":19}},{"start":{"line":136,"column":23},"end":{"line":136,"column":32}}]},"29":{"line":137,"type":"if","locations":[{"start":{"line":137,"column":4},"end":{"line":137,"column":4}},{"start":{"line":137,"column":4},"end":{"line":137,"column":4}}]},"30":{"line":154,"type":"if","locations":[{"start":{"line":154,"column":2},"end":{"line":154,"column":2}},{"start":{"line":154,"column":2},"end":{"line":154,"column":2}}]},"31":{"line":154,"type":"binary-expr","locations":[{"start":{"line":154,"column":5},"end":{"line":154,"column":19}},{"start":{"line":154,"column":23},"end":{"line":154,"column":32}}]},"32":{"line":155,"type":"if","locations":[{"start":{"line":155,"column":6},"end":{"line":155,"column":6}},{"start":{"line":155,"column":6},"end":{"line":155,"column":6}}]},"33":{"line":172,"type":"if","locations":[{"start":{"line":172,"column":8},"end":{"line":172,"column":8}},{"start":{"line":172,"column":8},"end":{"line":172,"column":8}}]},"34":{"line":172,"type":"binary-expr","locations":[{"start":{"line":172,"column":11},"end":{"line":172,"column":51}},{"start":{"line":172,"column":53},"end":{"line":172,"column":87}}]},"35":{"line":178,"type":"if","locations":[{"start":{"line":178,"column":4},"end":{"line":178,"column":4}},{"start":{"line":178,"column":4},"end":{"line":178,"column":4}}]},"36":{"line":194,"type":"if","locations":[{"start":{"line":194,"column":4},"end":{"line":194,"column":4}},{"start":{"line":194,"column":4},"end":{"line":194,"column":4}}]},"37":{"line":197,"type":"if","locations":[{"start":{"line":197,"column":4},"end":{"line":197,"column":4}},{"start":{"line":197,"column":4},"end":{"line":197,"column":4}}]},"38":{"line":200,"type":"if","locations":[{"start":{"line":200,"column":4},"end":{"line":200,"column":4}},{"start":{"line":200,"column":4},"end":{"line":200,"column":4}}]},"39":{"line":203,"type":"if","locations":[{"start":{"line":203,"column":4},"end":{"line":203,"column":4}},{"start":{"line":203,"column":4},"end":{"line":203,"column":4}}]},"40":{"line":206,"type":"if","locations":[{"start":{"line":206,"column":4},"end":{"line":206,"column":4}},{"start":{"line":206,"column":4},"end":{"line":206,"column":4}}]},"41":{"line":209,"type":"if","locations":[{"start":{"line":209,"column":4},"end":{"line":209,"column":4}},{"start":{"line":209,"column":4},"end":{"line":209,"column":4}}]},"42":{"line":212,"type":"if","locations":[{"start":{"line":212,"column":4},"end":{"line":212,"column":4}},{"start":{"line":212,"column":4},"end":{"line":212,"column":4}}]}},"code":["'use strict';","","var urls = require('./urls.json');","var httpJson = require('./http-json');","var util=require('util');","","var Order = function(parameters) {","  if(!parameters){","      parameters={}","  }","  //default order","  this.Address = '';","  this.Coupons = [];","  this.CustomerID = '';","  this.Email = '';","  this.Extension = '';","  this.FirstName = '';","  this.LastName = '';","  this.LanguageCode = 'en';","  this.OrderChannel = 'OLO';","  this.OrderID = '';","  this.OrderMethod = 'Web';","  this.OrderTaker = null;","  this.Payments = [];","  this.Phone = '';","  this.Products = [];","  this.Market = '';","  this.Currency = '';","  this.ServiceMethod = parameters.deliveryMethod || 'Delivery';","  this.SourceOrganizationURI = urls.sourceUri;","  this.StoreID = parameters.storeID||'';","  this.Tags = {};","  this.Version = '1.0';","  this.NoCombine = true;","  this.Partners = {};","  this.NewUser = true;","  this.metaData = {};","  this.Amounts = {};","  this.BusinessDate = '';","  this.EstimatedWaitMinutes = '';","  this.PriceOrderTime = '';","  this.AmountsBreakdown;","","  if(parameters['customer']) {","    var Customer = parameters.customer;","","    this.Address = Customer.address;","    this.CustomerID = Customer.ID;","    this.Email = Customer.email;","    this.FirstName = Customer.firstName;","    this.LastName = Customer.lastName;","    this.Phone = Customer.phone;","    return this;","  }","  if(parameters['Order'] || parameters['order']) {  //Used to initialize order object from Dominos results (Also handy for initializing from DB)","    var prevOrder = parameters.Order;","    var Customer = parameters.customer;","","    this.Address = (Customer)? (","        (Customer.address)? Customer.address : prevOrder.Address","    ):prevOrder.Address;","","    this.CustomerID = (Customer)? (","        (Customer.address)? Customer.ID : prevOrder.CustomerID","    ):prevOrder.CustomerID;","","    this.Email = (Customer)? (","        (Customer.address)? Customer.email : prevOrder.Email","    ):prevOrder.Email;","","    this.FirstName = (Customer)? (","        (Customer.address)? Customer.firstName : prevOrder.FirstName","    ):prevOrder.FirstName;","","    this.LastName = (Customer)? (","        (Customer.address)? Customer.lastName : prevOrder.LastName","    ):prevOrder.LastName;","","    this.OrderID = prevOrder.OrderID;","    this.Products = prevOrder.Products;","    this.Market = prevOrder.Market;","    this.Currency = prevOrder.Currency;","    this.StoreID = prevOrder.StoreID;","    this.Amounts = prevOrder.Amounts || {};","    this.BusinessDate = prevOrder.BusinessDate || '';","    this.EstimatedWaitMinutes = prevOrder.EstimatedWaitMinutes || '';","    this.PriceOrderTime = prevOrder.PriceOrderTime || '';","    this.AmountsBreakdown = prevOrder.AmountsBreakdown || {};","","    return this;","  }","};","","Order.prototype.addCoupon = function(Coupon) { //Add coupon to Order","    this.Coupons.push(Coupon)","};","","Order.prototype.removeCoupon = function(Coupon) { //Remove coupon from Order","    var index = this.Coupons.indexOf(Coupon);","    if (index != -1) {","        this.Coupons.splice(index, 1);","    }","};","","Order.prototype.addItem = function(Item) { //Add product to Order","    this.Products.push(Item)","};","","Order.prototype.removeItem = function(Item) {  //Remove product from Order","  var index = this.Products.indexOf(Item);","  if(index != -1) {","    this.Products.splice(index, 1);","  }","};","","Order.prototype.validate = function(callback) {  //Validate Order","  if(!this.Products || !callback) {","    if(callback) {","      callback({","        success: false,","        message: 'At least one Item must be added!'","      });","    }","    return;","  }","","  //Blame Dominos, this isn't my doing.","  var stringified = JSON.stringify({","    'Order' : this","  });","","  httpJson.post(urls.order.validate, stringified, this.mergeResponse.bind(this,callback));","};","","Order.prototype.price = function(callback) {","  if(!this.Products || !callback) {","    if(callback) {","      callback({","        success: false,","        message: 'At least one Item must be added!'","      });","    }","    return;","  }","","  var stringified = JSON.stringify({","    'Order' : this","  });","","  httpJson.post(urls.order.price, stringified, this.mergeResponse.bind(this,callback));","};","","Order.prototype.place = function(callback) {","  if(!this.Products || !callback) {","      if(callback) {","          callback({","              success: false,","              message: 'At least one product must be added!'","          })","      }","  }","","  var stringified = JSON.stringify({","    'Order' : this","  });","","  httpJson.post(urls.order.place, stringified, callback);","};","","Order.prototype.mergeResponse = function(callback,response){","    for(var key in response.result.Order){","        if(util.isArray(response.result.Order[key])&&!response.result.Order[key].length){","            continue;","        }","        this[key]=response.result.Order[key];","    }","    //console.log(util.inspect(this.Products, { showHidden: true, depth: 5 }));","    if(callback){","        callback(response);","    }","}","","Order.prototype.validateCC=function(number){","    var re = {","        visa        : /^4[0-9]{12}(?:[0-9]{3})?$/,","        mastercard  : /^5[1-5][0-9]{14}$/,","        amex        : /^3[47][0-9]{13}$/,","        diners      : /^3(?:0[0-5]|[68][0-9])[0-9]{11}$/,","        discover    : /^6(?:011|5[0-9]{2})[0-9]{12}$/,","        jcb         : /^(?:2131|1800|35\\d{3})\\d{11}$/,","        enroute     : /^(?:2014|2149)\\d{11}$/","    };","","    if (re.visa.test(number))","        return 'VISA';","","    if (re.mastercard.test(number))","        return 'MASTERCARD';","","    if (re.amex.test(number))","        return 'AMEX';","","    if (re.diners.test(number))","        return 'DINERS';","","    if (re.discover.test(number))","        return 'DISCOVER';","","    if (re.jcb.test(number))","        return 'JCB';","","    if (re.enroute.test(number))","        return 'JCB';","","    return \"\";","}","","Order.prototype.PaymentObject=function(){","    Object.defineProperties(","        this,","        {","            \"Type\": {","                writable:false,","                enumerable:true,","                value:\"CreditCard\"","            },","            \"Amount\":  {","                writable:true,","                enumerable:true,","                value:0","            },","            \"Number\":  {","                writable:true,","                enumerable:true,","                value:\"\"","            },","            \"CardType\":  {","                writable:true,","                enumerable:true,","                value:\"\"//uppercase","            },","            \"Expiration\":  {","                writable:true,","                enumerable:true,","                value:\"\"//digits only","            },","            \"SecurityCode\":  {","                writable:true,","                enumerable:true,","                value:\"\"","            },","            \"PostalCode\":  {","                writable:true,","                enumerable:true,","                value:\"\"","            }","        }","    );","}","","module.exports = Order;",""],"l":{"3":1,"4":1,"5":1,"7":1,"8":0,"9":0,"12":0,"13":0,"14":0,"15":0,"16":0,"17":0,"18":0,"19":0,"20":0,"21":0,"22":0,"23":0,"24":0,"25":0,"26":0,"27":0,"28":0,"29":0,"30":0,"31":0,"32":0,"33":0,"34":0,"35":0,"36":0,"37":0,"38":0,"39":0,"40":0,"41":0,"42":0,"44":0,"45":0,"47":0,"48":0,"49":0,"50":0,"51":0,"52":0,"53":0,"55":0,"56":0,"57":0,"59":0,"63":0,"67":0,"71":0,"75":0,"79":0,"80":0,"81":0,"82":0,"83":0,"84":0,"85":0,"86":0,"87":0,"88":0,"90":0,"94":1,"95":0,"98":1,"99":0,"100":0,"101":0,"105":1,"106":0,"109":1,"110":0,"111":0,"112":0,"116":1,"117":0,"118":0,"119":0,"124":0,"128":0,"132":0,"135":1,"136":0,"137":0,"138":0,"143":0,"146":0,"150":0,"153":1,"154":0,"155":0,"156":0,"163":0,"167":0,"170":1,"171":0,"172":0,"173":0,"175":0,"178":0,"179":0,"183":1,"184":0,"194":0,"195":0,"197":0,"198":0,"200":0,"201":0,"203":0,"204":0,"206":0,"207":0,"209":0,"210":0,"212":0,"213":0,"215":0,"218":1,"219":0,"261":1}},"/home/travis/build/npmtest/node-npmtest-dominos/node_modules/dominos/src/http-json.js":{"path":"/home/travis/build/npmtest/node-npmtest-dominos/node_modules/dominos/src/http-json.js","s":{"1":1,"2":1,"3":1,"4":0,"5":0,"6":0,"7":0,"8":0,"9":0,"10":0,"11":0,"12":0,"13":0,"14":0,"15":0,"16":0,"17":1,"18":0,"19":0,"20":0,"21":0,"22":0,"23":0,"24":0,"25":0,"26":0,"27":0,"28":0,"29":0,"30":0},"b":{"1":[0,0],"2":[0,0],"3":[0,0],"4":[0,0],"5":[0,0]},"f":{"1":0,"2":0,"3":0,"4":0},"fnMap":{"1":{"name":"(anonymous_1)","line":4,"loc":{"start":{"line":4,"column":22},"end":{"line":4,"column":51}}},"2":{"name":"(anonymous_2)","line":16,"loc":{"start":{"line":16,"column":27},"end":{"line":16,"column":55}}},"3":{"name":"(anonymous_3)","line":49,"loc":{"start":{"line":49,"column":21},"end":{"line":49,"column":44}}},"4":{"name":"(anonymous_4)","line":56,"loc":{"start":{"line":56,"column":26},"end":{"line":56,"column":54}}}},"statementMap":{"1":{"start":{"line":1,"column":0},"end":{"line":1,"column":30}},"2":{"start":{"line":2,"column":0},"end":{"line":2,"column":33}},"3":{"start":{"line":4,"column":0},"end":{"line":47,"column":1}},"4":{"start":{"line":5,"column":4},"end":{"line":6,"column":34}},"5":{"start":{"line":6,"column":8},"end":{"line":6,"column":34}},"6":{"start":{"line":8,"column":4},"end":{"line":15,"column":6}},"7":{"start":{"line":16,"column":4},"end":{"line":46,"column":5}},"8":{"start":{"line":17,"column":6},"end":{"line":22,"column":7}},"9":{"start":{"line":18,"column":10},"end":{"line":21,"column":13}},"10":{"start":{"line":24,"column":6},"end":{"line":29,"column":7}},"11":{"start":{"line":25,"column":10},"end":{"line":28,"column":13}},"12":{"start":{"line":31,"column":6},"end":{"line":40,"column":7}},"13":{"start":{"line":32,"column":10},"end":{"line":32,"column":40}},"14":{"start":{"line":35,"column":8},"end":{"line":35,"column":27}},"15":{"start":{"line":36,"column":8},"end":{"line":39,"column":11}},"16":{"start":{"line":42,"column":6},"end":{"line":45,"column":9}},"17":{"start":{"line":49,"column":0},"end":{"line":89,"column":1}},"18":{"start":{"line":50,"column":4},"end":{"line":55,"column":6}},"19":{"start":{"lin
[...]
mous_3)","line":17,"loc":{"start":{"line":17,"column":33},"end":{"line":17,"column":44}}},"4":{"name":"(anonymous_4)","line":21,"loc":{"start":{"line":21,"column":40},"end":{"line":21,"column":51}}},"5":{"name":"(anonymous_5)","line":25,"loc":{"start":{"line":25,"column":33},"end":{"line":25,"column":44}}},"6":{"name":"(anonymous_6)","line":29,"loc":{"start":{"line":29,"column":41},"end":{"line":29,"column":52}}},"7":{"name":"(anonymous_7)","line":34,"loc":{"start":{"line":34,"column":37},"end":{"line":34,"column":48}}}},"statementMap":{"1":{"start":{"line":4,"column":0},"end":{"line":11,"column":1}},"2":{"start":{"line":5,"column":4},"end":{"line":5,"column":30}},"3":{"start":{"line":5,"column":18},"end":{"line":5,"column":30}},"4":{"start":{"line":7,"column":4},"end":{"line":7,"column":29}},"5":{"start":{"line":8,"column":4},"end":{"line":8,"column":28}},"6":{"start":{"line":9,"column":4},"end":{"line":9,"column":23}},"7":{"start":{"line":10,"column":4},"end":{"line":10,"column":33}},"8":{"start":{"line":13,"column":0},"end":{"line":15,"column":1}},"9":{"start":{"line":14,"column":4},"end":{"line":14,"column":30}},"10":{"start":{"line":17,"column":0},"end":{"line":19,"column":1}},"11":{"start":{"line":18,"column":4},"end":{"line":18,"column":30}},"12":{"start":{"line":21,"column":0},"end":{"line":23,"column":1}},"13":{"start":{"line":22,"column":4},"end":{"line":22,"column":37}},"14":{"start":{"line":25,"column":0},"end":{"line":27,"column":1}},"15":{"start":{"line":26,"column":4},"end":{"line":26,"column":30}},"16":{"start":{"line":29,"column":0},"end":{"line":32,"column":1}},"17":{"start":{"line":30,"column":4},"end":{"line":30,"column":127}},"18":{"start":{"line":31,"column":4},"end":{"line":31,"column":18}},"19":{"start":{"line":34,"column":0},"end":{"line":36,"column":1}},"20":{"start":{"line":35,"column":4},"end":{"line":35,"column":25}},"21":{"start":{"line":38,"column":0},"end":{"line":38,"column":30}}},"branchMap":{"1":{"line":5,"type":"if","locations":[{"start":{"line":5,"column":4},"end":{"line":5,"column":4}},{"start":{"line":5,"column":4},"end":{"line":5,"column":4}}]},"2":{"line":30,"type":"cond-expr","locations":[{"start":{"line":30,"column":45},"end":{"line":30,"column":103}},{"start":{"line":30,"column":106},"end":{"line":30,"column":126}}]}},"code":["'use strict';","","","var MenuCategory = function(menuData,parentCategory) {","    if(!menuData) menuData={};","","    this.menuData = menuData;","    this.subcategories = [];","    this.products = [];","    this.parent = parentCategory;","}","","MenuCategory.prototype.getSubcategories = function() {","    return this.subcategories;","}","","MenuCategory.prototype.getName = function() {","    return this.menuData.Name;","}","","MenuCategory.prototype.getDescription = function() {","    return this.menuData.Description;","}","","MenuCategory.prototype.getCode = function() {","    return this.menuData.Code;","}","","MenuCategory.prototype.getCategoryPath = function() {","    var result = this.parent !== undefined ? this.parent.getCategoryPath().concat([this.menuData.Code]) : [this.menuData.Code];","    return result;","}","","MenuCategory.prototype.getProducts = function() {","    return this.products;","}","","module.exports = MenuCategory;",""],"l":{"4":1,"5":0,"7":0,"8":0,"9":0,"10":0,"13":1,"14":0,"17":1,"18":0,"21":1,"22":0,"25":1,"26":0,"29":1,"30":0,"31":0,"34":1,"35":0,"38":1}},"/home/travis/build/npmtest/node-npmtest-dominos/node_modules/dominos/src/Track.js":{"path":"/home/travis/build/npmtest/node-npmtest-dominos/node_modules/dominos/src/Track.js","s":{"1":1,"2":1,"3":1,"4":1,"5":0,"6":0,"7":0,"8":0,"9":0,"10":1,"11":0,"12":0,"13":0,"14":0,"15":0,"16":1,"17":0,"18":0,"19":0,"20":0,"21":0,"22":0,"23":0,"24":0,"25":0,"26":0,"27":0,"28":0,"29":0,"30":0,"31":0,"32":0,"33":0,"34":0},"b":{"1":[0,0],"2":[0,0],"3":[0,0],"4":[0,0],"5":[0,0,0],"6":[0,0],"7":[0,0],"8":[0,0],"9":[0,0],"10":[0,0],"11":[0,0]},"f":{"1":0,"2":0,"3":0,"4":0},"fnMap":{"1":{"name":"(anonymous_1)","line":7,"loc":{"start":{"line":7,"column":25},"end":{"line":7,"column":51}}},"2":{"name":"(anonymous_2)","line":21,"loc":{"start":{"line":21,"column":22},"end":{"line":21,"column":60}}},"3":{"name":"(anonymous_3)","line":34,"loc":{"start":{"line":34,"column":23},"end":{"line":34,"column":46}}},"4":{"name":"(anonymous_4)","line":37,"loc":{"start":{"line":37,"column":8},"end":{"line":37,"column":41}}}},"statementMap":{"1":{"start":{"line":3,"column":0},"end":{"line":3,"column":34}},"2":{"start":{"line":4,"column":0},"end":{"line":4,"column":33}},"3":{"start":{"line":5,"column":0},"end":{"line":5,"column":33}},"4":{"start":{"line":7,"column":0},"end":{"line":19,"column":2}},"5":{"start":{"line":8,"column":4},"end":{"line":16,"column":5}},"6":{"start":{"line":9,"column":8},"end":{"line":14,"column":9}},"7":{"start":{"line":10,"column":12},"end":{"line":13,"column":15}},"8":{"start":{"line":15,"column":8},"end":{"line":15,"column":15}},"9":{"start":{"line":18,"column":4},"end":{"line":18,"column":56}},"10":{"start":{"line":21,"column":0},"end":{"line":32,"column":2}},"11":{"start":{"line":22,"column":4},"end":{"line":29,"column":5}},"12":{"start":{"line":23,"column":8},"end":{"line":27,"column":15}},"13":{"start":{"line":24,"column":12},"end":{"line":27,"column":15}},"14":{"start":{"line":28,"column":8},"end":{"line":28,"column":15}},"15":{"start":{"line":31,"column":4},"end":{"line":31,"column":86}},"16":{"start":{"line":34,"column":0},"end":{"line":97,"column":2}},"17":{"start":{"line":35,"column":4},"end":{"line":96,"column":6}},"18":{"start":{"line":38,"column":12},"end":{"line":44,"column":13}},"19":{"start":{"line":39,"column":16},"end":{"line":42,"column":19}},"20":{"start":{"line":43,"column":16},"end":{"line":43,"column":23}},"21":{"start":{"line":46,"column":12},"end":{"line":52,"column":13}},"22":{"start":{"line":47,"column":16},"end":{"line":50,"column":19}},"23":{"start":{"line":51,"column":16},"end":{"line":51,"column":23}},"24":{"start":{"line":54,"column":12},"end":{"line":62,"column":14}},"25":{"start":{"line":64,"column":12},"end":{"line":71,"column":13}},"26":{"start":{"line":65,"column":16},"end":{"line":69,"column":19}},"27":{"start":{"line":70,"column":16},"end":{"line":70,"column":23}},"28":{"start":{"line":73,"column":12},"end":{"line":80,"column":13}},"29":{"start":{"line":74,"column":16},"end":{"line":78,"column":19}},"30":{"start":{"line":79,"column":16},"end":{"line":79,"column":23}},"31":{"start":{"line":82,"column":12},"end":{"line":89,"column":13}},"32":{"start":{"line":83,"column":16},"end":{"line":87,"column":19}},"33":{"start":{"line":88,"column":16},"end":{"line":88,"column":23}},"34":{"start":{"line":91,"column":12},"end":{"line":94,"column":15}}},"branchMap":{"1":{"line":8,"type":"if","locations":[{"start":{"line":8,"column":4},"end":{"line":8,"column":4}},{"start":{"line":8,"column":4},"end":{"line":8,"column":4}}]},"2":{"line":8,"type":"binary-expr","locations":[{"start":{"line":8,"column":8},"end":{"line":8,"column":14}},{"start":{"line":8,"column":18},"end":{"line":8,"column":27}}]},"3":{"line":9,"type":"if","locations":[{"start":{"line":9,"column":8},"end":{"line":9,"column":8}},{"start":{"line":9,"column":8},"end":{"line":9,"column":8}}]},"4":{"line":22,"type":"if","locations":[{"start":{"line":22,"column":4},"end":{"line":22,"column":4}},{"start":{"line":22,"column":4},"end":{"line":22,"column":4}}]},"5":{"line":22,"type":"binary-expr","locations":[{"start":{"line":22,"column":7},"end":{"line":22,"column":15}},{"start":{"line":22,"column":19},"end":{"line":22,"column":28}},{"start":{"line":22,"column":32},"end":{"line":22,"column":41}}]},"6":{"line":23,"type":"if","locations":[{"start":{"line":23,"column":8},"end":{"line":23,"column":8}},{"start":{"line":23,"column":8},"end":{"line":23,"column":8}}]},"7":{"line":38,"type":"if","locations":[{"start":{"line":38,"column":12},"end":{"line":38,"column":12}},{"start":{"line":38,"column":12},"end":{"line":38,"column":12}}]},"8":{"line":46,"type":"if","locations":[{"start":{"line":46,"column":12},"end":{"line":46,"column":12}},{"start":{"line":46,"column":12},"end":{"line":46,"column":12}}]},"9":{"line":64,"type":"if","locations":[{"start":{"line":64,"column":12},"end":{"line":64,"column":12}},{"start":{"line":64,"column":12},"end":{"line":64,"column":12}}]},"10":{"line":73,"type":"if","locations":[{"start":{"line":73,"column":12},"end":{"line":73,"column":12}},{"start":{"line":73,"column":12},"end":{"line":73,"column":12}}]},"11":{"line":82,"type":"if","locations":[{"start":{"line":82,"column":12},"end":{"line":82,"column":12}},{"start":{"line":82,"column":12},"end":{"line":82,"column":12}}]}},"code":["'use strict';","","var urls = require('./urls.json');","var request = require('request');","var parser = require('xml2json');","","module.exports.byPhone = function(phone, callback) {","    if( !phone || !callback) {","        if(callback) {","            callback({","                success: false,","                message: 'Phone is required!'","            });","        }","        return;","    }","","    this.byUrl(urls.track + 'Phone=' + phone, callback);","};","","module.exports.byId = function(storeID, orderKey, callback) {","    if(!storeID || !orderKey || !callback){","        if(callback)","            callback({","                success: false,","                message: 'storeID, orderKey, and callback are all required to get pizza info using the orderKey'","            });","        return;","    }","","    this.byUrl(urls.track + 'StoreID=' + storeID + '&OrderKey=' + orderKey, callback);","};","","module.exports.byUrl = function(url, callback){","    request.get(","        url,","        function (error, response, body) {","            if (error) {","                callback({","                    success: false,","                    message: error","                });","                return;","            }","","            if (response.statusCode !== 200){","                callback({","                    success: false,","                    message:'HTML Status Code Error ' + response.statusCode","                });","                return;","            }","","            var result = parser.toJson(","                body,","                {","                    coerce: false,","                    sanitize: false,","                    object: true,","                    trim: false","                }","            );","","            if(!result['soap:Envelope']){","                callback({","                    success: false,","                    message: 'API soap:Envelope not present',","                    data: result","                });","                return;","            }","","            if(!result['soap:Envelope']['soap:Body']){","                callback({","                    success: false,","                    message: 'API soap:Body not present',","                    data: result","                });","                return;","            }","","            if(!result['soap:Envelope']['soap:Body'].GetTrackerDataResponse){","                callback({","                    success: false,","                    message:'API GetTrackerDataResponse not present',","                    data: result","                });","                return;","            }","","            callback({","                orders: result['soap:Envelope']['soap:Body'].GetTrackerDataResponse.OrderStatuses,","                query: result['soap:Envelope']['soap:Body'].GetTrackerDataResponse.Query","            });","        }","    );","};",""],"l":{"3":1,"4":1,"5":1,"7":1,"8":0,"9":0,"10":0,"15":0,"18":0,"21":1,"22":0,"23":0,"24":0,"28":0,"31":0,"34":1,"35":0,"38":0,"39":0,"43":0,"46":0,"47":0,"51":0,"54":0,"64":0,"65":0,"70":0,"73":0,"74":0,"79":0,"82":0,"83":0,"88":0,"91":0}},"/home/travis/build/npmtest/node-npmtest-dominos/node_modules/dominos/src/Item.js":{"path":"/home/travis/build/npmtest/node-npmtest-dominos/node_modules/dominos/src/Item.js","s":{"1":1,"2":0,"3":0,"4":0,"5":0,"6":0,"7":0,"8":0,"9":0,"10":0,"11":0,"12":0,"13":1},"b":{"1":[0,0],"2":[0,0],"3":[0,0],"4":[0,0]},"f":{"1":0},"fnMap":{"1":{"name":"(anonymous_1)","line":4,"loc":{"start":{"line":4,"column":11},"end":{"line":4,"column":32}}}},"statementMap":{"1":{"start":{"line":4,"column":0},"end":{"line":23,"column":1}},"2":{"start":{"line":5,"column":4},"end":{"line":7,"column":5}},"3":{"start":{"line":6,"column":8},"end":{"line":6,"column":21}},"4":{"start":{"line":9,"column":4},"end":{"line":9,"column":26}},"5":{"start":{"line":11,"column":4},"end":{"line":11,"column":38}},"6":{"start":{"line":12,"column":4},"end":{"line":12,"column":38}},"7":{"start":{"line":13,"column":4},"end":{"line":13,"column":16}},"8":{"start":{"line":15,"column":4},"end":{"line":15,"column":22}},"9":{"start":{"line":16,"column":4},"end":{"line":16,"column":60}},"10":{"start":{"line":18,"column":4},"end":{"line":22,"column":5}},"11":{"start":{"line":19,"column":8},"end":{"line":21,"column":9}},"12":{"start":{"line":20,"column":12},"end":{"line":20,"column":65}},"13":{"start":{"line":25,"column":0},"end":{"line":25,"column":22}}},"branchMap":{"1":{"line":5,"type":"if","locations":[{"start":{"line":5,"column":4},"end":{"line":5,"column":4}},{"start":{"line":5,"column":4},"end":{"line":5,"column":4}}]},"2":{"line":11,"type":"binary-expr","locations":[{"start":{"line":11,"column":16},"end":{"line":11,"column":31}},{"start":{"line":11,"column":33},"end":{"line":11,"column":37}}]},"3":{"line":12,"type":"binary-expr","locations":[{"start":{"line":12,"column":15},"end":{"line":12,"column":34}},{"start":{"line":12,"column":36},"end":{"line":12,"column":37}}]},"4":{"line":18,"type":"if","locations":[{"start":{"line":18,"column":4},"end":{"line":18,"column":4}},{"start":{"line":18,"column":4},"end":{"line":18,"column":4}}]}},"code":["'use strict';","","","var Item = function(parameters) {","    if(!parameters){","        parameters={}","    }","","    this.AutoRemove=false;","","    this.Code = parameters.code||null;","    this.Qty = parameters.quantity||1;","    this.ID = 1;","    ","    this.isNew = true;","    this.Options = { 'C': {'1/1': '1'}, 'X': {'1/1': '1'} };","","    if(parameters.options) {","        for (var i=0; i<parameters.options.length; i++) {","            this.Options[parameters.options[i]] = { '1/1': '1' };","        }","    }","}","","module.exports = Item;",""],"l":{"4":1,"5":0,"6":0,"9":0,"11":0,"12":0,"13":0,"15":0,"16":0,"18":0,"19":0,"20":0,"25":1}},"/home/travis/build/npmtest/node-npmtest-dominos/node_modules/dominos/src/Coupon.js":{"path":"/home/travis/build/npmtest/node-npmtest-dominos/node_modules/dominos/src/Coupon.js","s":{"1":1,"2":0,"3":0,"4":0,"5":0,"6":1},"b":{"1":[0,0]},"f":{"1":0},"fnMap":{"1":{"name":"(anonymous_1)","line":3,"loc":{"start":{"line":3,"column":13},"end":{"line":3,"column":34}}}},"statementMap":{"1":{"start":{"line":3,"column":0},"end":{"line":8,"column":1}},"2":{"start":{"line":4,"column":4},"end":{"line":4,"column":32}},"3":{"start":{"line":5,"column":4},"end":{"line":5,"column":61}},"4":{"start":{"line":6,"column":4},"end":{"line":6,"column":16}},"5":{"start":{"line":7,"column":4},"end":{"line":7,"column":22}},"6":{"start":{"line":10,"column":0},"end":{"line":10,"column":24}}},"branchMap":{"1":{"line":5,"type":"cond-expr","locations":[{"start":{"line":5,"column":37},"end":{"line":5,"column":56}},{"start":{"line":5,"column":59},"end":{"line":5,"column":60}}]}},"code":["'use strict';","","var Coupon = function(parameters) {","    this.Code = parameters.code;","    this.Qty = parameters.quantity ? parameters.quantity : 1;","    this.ID = 1;","    this.isNew = true;","}","","module.exports = Coupon;",""],"l":{"3":1,"4":0,"5":0,"6":0,"7":0,"10":1}},"/home/travis/build/npmtest/node-npmtest-dominos/node_modules/dominos/src/Utilities.js":{"path":"/home/travis/build/npmtest/node-npmtest-dominos/node_modules/dominos/src/Utilities.js","s":{"1":1,"2":1,"3":1,"4":1,"5":0,"6":0,"7":0,"8":0,"9":0,"10":0,"11":0,"12":0,"13":0,"14":0,"15":0,"16":0,"17":0,"18":1},"b":{"1":[0,0],"2":[0,0],"3":[0,0],"4":[0,0],"5":[0,0],"6":[0,0]},"f":{"1":0},"fnMap":{"1":{"name":"(anonymous_1)","line":7,"loc":{"start":{"line":7,"column":23},"end":{"line":7,"column":63}}}},"statementMap":{"1":{"start":{"line":3,"column":0},"end":{"line":3,"column":41}},"2":{"start":{"line":4,"column":0},"end":{"line":4,"column":34}},"3":{"start":{"line":5,"column":0},"end":{"line":5,"column":38}},"4":{"start":{"line":7,"column":0},"end":{"line":46,"column":2}},"5":{"start":{"line":8,"column":4},"end":{"line":11,"column":5}},"6":{"start":{"line":9,"column":8},"end":{"line":9,"column":28}},"7":{"start":{"line":10,"column":8},"end":{"line":10,"column":30}},"8":{"start":{"line":12,"column":4},"end":{"line":25,"column":5}},"9":{"start":{"line":13,"column":8},"end":{"line":15,"column":9}},"10":{"start":{"line":14,"column":12},"end":{"line":14,"column":103}},"11":{"start":{"line":16,"column":8},"end":{"line":23,"column":9}},"12":{"start":{"line":17,"column":12},"end":{"line":22,"column":14}},"13":{"start":{"line":24,"column":8},"end":{"line":24,"column":21}},"14":{"start":{"line":27,"column":4},"end":{"line":27,"column":38}},"15":{"start":{"line":28,"column":4},"end":{"line":28,"column":47}},"16":{"start":{"line":30,"column":4},"end":{"line":43,"column":6}},"17":{"start":{"line":45,"column":4},"end":{"line":45,"column":32}},"18":{"start":{"line":48,"column":0},"end":{"line":50,"column":2}}},"branchMap":{"1":{"line":8,"type":"if","locations":[{"start":{"line":8,"column":4},"end":{"line":8,"column":4}},{"start":{"line":8,"column":4},"end":{"line":8,"column":4}}]},"2":{"line":12,"type":"if","locations":[{"start":{"line":12,"column":4},"end":{"line":12,"column":4}},{"start":{"line":12,"column":4},"end":{"line":12,"column":4}}]},"3":{"line":12,"type":"binary-expr","locations":[{"start":{"line":12,"column":7},"end":{"line":12,"column":15}},{"start":{"line":12,"column":19},"end":{"line":12,"column":28}}]},"4":{"line":13,"type":"if","locations":[{"start":{"line":13,"column":8},"end":{"line":13,"column":8}},{"start":{"line":13,"column":8},"end":{"line":13,"column":8}}]},"5":{"line":16,"type":"if","locations":[{"start":{"line":16,"column":8},"end":{"line":16,"column":8}},{"start":{"line":16,"column":8},"end":{"line":16,"column":8}}]},"6":{"line":42,"type":"binary-expr","locations":[{"start":{"line":42,"column":8},"end":{"line":42,"column":18}},{"start":{"line":42,"column":20},"end":{"line":42,"column":30}}]}},"code":["'use strict';","","var httpJson = require('./http-json.js');","var urls = require('./urls.json');","var Address = require('./Address.js');","","var findNearbyStores = function(address, pickUpType, callback) {","    if(typeof pickUpType == 'function'){","        callback=pickUpType;","        pickUpType='Delivery';","    }","    if(!address || !callback) {","        if(!callback){","            throw('invalid findNearbyStores request. address and callback are required at a minimum.');","        }","        if(callback) {","            callback(","                {","                    success: false,","                    message: 'At least a partial address (minimum accepted is zipcode) is required to find stores'","                }","            );","        }","        return false;","    }","","    var address = new Address(address)","    var addressLines=address.getAddressLines();","","    var url = urls.store.find.replace(","        '${line1}',","        encodeURI(","          addressLines.line1","        )","    ).replace(","        '${line2}',","        encodeURI(","          addressLines.line2","        )","    ).replace(","        '${type}',","        pickUpType||'Delivery'","    );","","    httpJson.get(url, callback);","};","","module.exports = {","    findNearbyStores: findNearbyStores","};",""],"l":{"3":1,"4":1,"5":1,"7":1,"8":0,"9":0,"10":0,"12":0,"13":0,"14":0,"16":0,"17":0,"24":0,"27":0,"28":0,"30":0,"45":0,"48":1}}}